[2m2026-06-12T16:57:20.793992Z[0m [33m WARN[0m [2mwgpu_hal::vulkan::instance[0m[2m:[0m Unable to find extension: VK_EXT_physical_device_drm
[2m2026-06-12T16:57:20.794245Z[0m [33m WARN[0m [2mwgpu_hal::vulkan::instance[0m[2m:[0m InstanceFlags::VALIDATION requested, but unable to find layer: VK_LAYER_KHRONOS_validation
[2m2026-06-12T16:57:20.872954Z[0m [33m WARN[0m [2mruffle_desktop::gui::controller[0m[2m:[0m Failed to register [SansSerif] as Proportional: no unicode fonts found!
[2m2026-06-12T16:57:20.873481Z[0m [33m WARN[0m [2mruffle_desktop::gui::controller[0m[2m:[0m Failed to register [Name("Noto Sans CJK"), Name("Source Han Sans"), Name("WenQuanYi Zen Hei"), Name("Arial Unicode MS")] as Proportional: no unicode fonts found!
ALSA lib confmisc.c:855:(parse_card) cannot find card '0'
ALSA lib conf.c:5205:(_snd_config_evaluate) function snd_func_card_inum returned error: No such file or directory
ALSA lib confmisc.c:422:(snd_func_concat) error evaluating strings
ALSA lib conf.c:5205:(_snd_config_evaluate) function snd_func_concat returned error: No such file or directory
ALSA lib confmisc.c:1342:(snd_func_refer) error evaluating name
ALSA lib conf.c:5205:(_snd_config_evaluate) function snd_func_refer returned error: No such file or directory
ALSA lib conf.c:5728:(snd_config_expand) Evaluate error: No such file or directory
ALSA lib pcm.c:2722:(snd_pcm_open_noupdate) Unknown PCM default
[2m2026-06-12T16:57:20.876601Z[0m [31mERROR[0m [2mruffle_desktop::player[0m[2m:[0m Unable to create audio device: Failed to get default output config
[2m2026-06-12T16:57:20.890180Z[0m [33m WARN[0m [2mruffle_video_external::decoder::openh264[0m[2m:[0m Failed to load system OpenH264 library libopenh264.so.7: Error while loading OpenH264: libopenh264.so.7: cannot open shared object file: No such file or directory
[2m2026-06-12T16:57:20.890262Z[0m [33m WARN[0m [2mruffle_video_external::decoder::openh264[0m[2m:[0m Failed to load system OpenH264 library libopenh264.so.2.4.1: Error while loading OpenH264: libopenh264.so.2.4.1: cannot open shared object file: No such file or directory
[2m2026-06-12T16:57:20.890293Z[0m [33m WARN[0m [2mruffle_video_external::decoder::openh264[0m[2m:[0m Failed to load system OpenH264 library libopenh264.so: Error while loading OpenH264: libopenh264.so: cannot open shared object file: No such file or directory
[2m2026-06-12T16:57:21.361551Z[0m [33m WARN[0m [2mruffle_desktop::dbus[0m[2m:[0m Failed to register a game with gamemode: Portal request failed: org.freedesktop.zbus.Error: Could not get pidns: Could not fstatat ns/pid: Not a directory
[2m2026-06-12T16:57:22.080309Z[0m [32m INFO[0m [2mavm_trace[0m[2m:[0m AdManifest()
[2m2026-06-12T16:57:22.082194Z[0m [32m INFO[0m [2mavm_trace[0m[2m:[0m WidgetCache()
[2m2026-06-12T16:57:22.082517Z[0m [32m INFO[0m [2mavm_trace[0m[2m:[0m Welcome to the Chumby Control Panel (version 2.8.87b3 [LNX 32,0,0,0])
[2m2026-06-12T16:57:22.082632Z[0m [33m WARN[0m [2mruffle_core::stub[0m[2m:[0m Encountered stub: AVM1 System.security.allowDomain()
[2m2026-06-12T16:57:22.083251Z[0m [32m INFO[0m [2mavm_trace[0m[2m:[0m Language: 
[2m2026-06-12T16:57:22.083328Z[0m [32m INFO[0m [2mavm_trace[0m[2m:[0m ConfigName: 
[2m2026-06-12T16:57:22.083423Z[0m [32m INFO[0m [2mavm_trace[0m[2m:[0m PlatformName: 
[2m2026-06-12T16:57:22.083521Z[0m [32m INFO[0m [2mavm_trace[0m[2m:[0m Base URL=http://xml.chumby.com
[2m2026-06-12T16:57:22.083635Z[0m [32m INFO[0m [2mavm_trace[0m[2m:[0m Widgets URL=http://widgets.chumby.com
[2m2026-06-12T16:57:22.083877Z[0m [32m INFO[0m [2mavm_trace[0m[2m:[0m Restoring settings
[2m2026-06-12T16:57:22.083901Z[0m [32m INFO[0m [2mavm_trace[0m[2m:[0m - restoring clock format
[2m2026-06-12T16:57:22.084263Z[0m [32m INFO[0m [2mavm_trace[0m[2m:[0m Fetching Chumby GUID
[2m2026-06-12T16:57:22.100040Z[0m [32m INFO[0m [2mavm_trace[0m[2m:[0m (Master heartbeat)
[2m2026-06-12T16:57:22.101271Z[0m [31mERROR[0m [2mruffle_core::loader[0m[2m:[0m Error during LoadVars load of "exec://guidgen.sh": FetchError("builder error for url (exec://guidgen.sh)")
[2m2026-06-12T16:57:22.101380Z[0m [32m INFO[0m [2mavm_trace[0m[2m:[0m - can't load Chumby GUID
[2m2026-06-12T16:57:22.101890Z[0m [32m INFO[0m [2mavm_trace[0m[2m:[0m Fetching network status
[2m2026-06-12T16:57:22.116857Z[0m [31mERROR[0m [2mruffle_core::loader[0m[2m:[0m Error during LoadVars load of "exec://network_status.sh": FetchError("builder error for url (exec://network_status.sh)")
[2m2026-06-12T16:57:22.117068Z[0m [32m INFO[0m [2mavm_trace[0m[2m:[0m - failed to get network status
[2m2026-06-12T16:57:22.117864Z[0m [32m INFO[0m [2mavm_trace[0m[2m:[0m entering builtin mode
[2m2026-06-12T16:57:22.133247Z[0m [32m INFO[0m [2mavm_trace[0m[2m:[0m Loading adapters
[2m2026-06-12T16:57:22.133442Z[0m [32m INFO[0m [2mavm_trace[0m[2m:[0m - got adapters
[2m2026-06-12T16:57:22.133487Z[0m [32m INFO[0m [2mavm_trace[0m[2m:[0m old firmware, forcing wireless
[2m2026-06-12T16:57:22.134712Z[0m [32m INFO[0m [2mavm_trace[0m[2m:[0m scanning for access points
[2m2026-06-12T16:57:22.138641Z[0m [31mERROR[0m [2mruffle_core::loader[0m[2m:[0m Error during LoadVars load of "exec://ap_scan": FetchError("builder error for url (exec://ap_scan)")
[2m2026-06-12T16:57:22.622906Z[0m [33m WARN[0m [2mruffle_core::avm1::activation[0m[2m:[0m Cannot enumerate Undefined
[2m2026-06-12T16:57:37.122981Z[0m [32m INFO[0m [2mavm_trace[0m[2m:[0m (Master heartbeat)
[2m2026-06-12T16:57:52.124671Z[0m [32m INFO[0m [2mavm_trace[0m[2m:[0m (Master heartbeat)
