[2m2026-06-12T18:02:06.870961Z[0m [32m INFO[0m [2mchumby_host[0m[2m:[0m FixtureHost at /home/jan/chumby-pi/fixtures (12 exec fixtures)
[2m2026-06-12T18:02:07.008208Z[0m [33m WARN[0m [2mwgpu_hal::vulkan::instance[0m[2m:[0m Unable to find extension: VK_EXT_physical_device_drm
[2m2026-06-12T18:02:07.008409Z[0m [33m WARN[0m [2mwgpu_hal::vulkan::instance[0m[2m:[0m InstanceFlags::VALIDATION requested, but unable to find layer: VK_LAYER_KHRONOS_validation
[2m2026-06-12T18:02:07.081466Z[0m [33m WARN[0m [2mruffle_desktop::gui::controller[0m[2m:[0m Failed to register [SansSerif] as Proportional: no unicode fonts found!
[2m2026-06-12T18:02:07.082006Z[0m [33m WARN[0m [2mruffle_desktop::gui::controller[0m[2m:[0m Failed to register [Name("Noto Sans CJK"), Name("Source Han Sans"), Name("WenQuanYi Zen Hei"), Name("Arial Unicode MS")] as Proportional: no unicode fonts found!
ALSA lib confmisc.c:855:(parse_card) cannot find card '0'
ALSA lib conf.c:5205:(_snd_config_evaluate) function snd_func_card_inum returned error: No such file or directory
ALSA lib confmisc.c:422:(snd_func_concat) error evaluating strings
ALSA lib conf.c:5205:(_snd_config_evaluate) function snd_func_concat returned error: No such file or directory
ALSA lib confmisc.c:1342:(snd_func_refer) error evaluating name
ALSA lib conf.c:5205:(_snd_config_evaluate) function snd_func_refer returned error: No such file or directory
ALSA lib conf.c:5728:(snd_config_expand) Evaluate error: No such file or directory
ALSA lib pcm.c:2722:(snd_pcm_open_noupdate) Unknown PCM default
[2m2026-06-12T18:02:07.085340Z[0m [31mERROR[0m [2mruffle_desktop::player[0m[2m:[0m Unable to create audio device: Failed to get default output config
[2m2026-06-12T18:02:07.097560Z[0m [33m WARN[0m [2mruffle_video_external::decoder::openh264[0m[2m:[0m Failed to load system OpenH264 library libopenh264.so.7: Error while loading OpenH264: libopenh264.so.7: cannot open shared object file: No such file or directory
[2m2026-06-12T18:02:07.097654Z[0m [33m WARN[0m [2mruffle_video_external::decoder::openh264[0m[2m:[0m Failed to load system OpenH264 library libopenh264.so.2.4.1: Error while loading OpenH264: libopenh264.so.2.4.1: cannot open shared object file: No such file or directory
[2m2026-06-12T18:02:07.097690Z[0m [33m WARN[0m [2mruffle_video_external::decoder::openh264[0m[2m:[0m Failed to load system OpenH264 library libopenh264.so: Error while loading OpenH264: libopenh264.so: cannot open shared object file: No such file or directory
[2m2026-06-12T18:02:07.526781Z[0m [33m WARN[0m [2mruffle_desktop::dbus[0m[2m:[0m Failed to register a game with gamemode: Portal request failed: org.freedesktop.zbus.Error: Could not get pidns: Could not fstatat ns/pid: Not a directory
[2m2026-06-12T18:02:08.475325Z[0m [32m INFO[0m [2mchumby_host[0m[2m:[0m ASnative(5,60) _accelerometer(0) -> Undefined
[2m2026-06-12T18:02:08.503354Z[0m [32m INFO[0m [2mchumby_host[0m[2m:[0m ASnative(5,53) _fileExists("/psp/no_translation") -> Number(0.0)
[2m2026-06-12T18:02:08.503583Z[0m [32m INFO[0m [2mchumby_host[0m[2m:[0m ASnative(5,53) _fileExists("/mnt/usb/translation.xml") -> Number(0.0)
[2m2026-06-12T18:02:08.503688Z[0m [32m INFO[0m [2mchumby_host[0m[2m:[0m ASnative(5,53) _fileExists("/tmp/translation.xml") -> Number(0.0)
[2m2026-06-12T18:02:08.503800Z[0m [32m INFO[0m [2mchumby_host[0m[2m:[0m ASnative(5,53) _fileExists("/psp/translation.xml") -> Number(0.0)
[2m2026-06-12T18:02:08.503890Z[0m [32m INFO[0m [2mchumby_host[0m[2m:[0m ASnative(5,53) _fileExists("/usr/chumby/widgets/translation.xml") -> Number(0.0)
[2m2026-06-12T18:02:08.504105Z[0m [32m INFO[0m [2mchumby_host[0m[2m:[0m ASnative(5,25) _bent() -> Number(0.0)
[2m2026-06-12T18:02:08.504147Z[0m [32m INFO[0m [2mchumby_host[0m[2m:[0m ASnative(5,202) _getPlatform() -> String("ironforge")
[2m2026-06-12T18:02:08.634746Z[0m [32m INFO[0m [2mavm_trace[0m[2m:[0m AdManifest()
[2m2026-06-12T18:02:08.636656Z[0m [32m INFO[0m [2mavm_trace[0m[2m:[0m WidgetCache()
[2m2026-06-12T18:02:08.636721Z[0m [32m INFO[0m [2mchumby_host[0m[2m:[0m ASnative(5,202) _getPlatform() -> String("ironforge")
[2m2026-06-12T18:02:08.636855Z[0m [32m INFO[0m [2mchumby_host[0m[2m:[0m ASnative(5,53) _fileExists("/mnt/usb/widgetcache") -> Number(0.0)
[2m2026-06-12T18:02:08.637111Z[0m [32m INFO[0m [2mchumby_host[0m[2m:[0m ASnative(5,53) _fileExists("/tmp/widgetcache/widgetcache.xml") -> Number(0.0)
[2m2026-06-12T18:02:08.637189Z[0m [32m INFO[0m [2mavm_trace[0m[2m:[0m Welcome to the Chumby Control Panel (version 2.8.87b3 [LNX 32,0,0,0])
[2m2026-06-12T18:02:08.637374Z[0m [32m INFO[0m [2mchumby_host[0m[2m:[0m ASnative(5,51) _putFile("/tmp/controlpanelversion", "2.8.87b3\n") -> Undefined
[2m2026-06-12T18:02:08.637461Z[0m [33m WARN[0m [2mruffle_core::stub[0m[2m:[0m Encountered stub: AVM1 System.security.allowDomain()
[2m2026-06-12T18:02:08.637727Z[0m [32m INFO[0m [2mchumby_host[0m[2m:[0m ASnative(5,52) _backtick("chumby_version -h") -> String("3.8\n")
[2m2026-06-12T18:02:08.638038Z[0m [32m INFO[0m [2mchumby_host[0m[2m:[0m ASnative(5,52) _backtick("chumby_version -s") -> String("1.7.2\n")
[2m2026-06-12T18:02:08.638278Z[0m [32m INFO[0m [2mchumby_host[0m[2m:[0m ASnative(5,52) _backtick("chumby_version -f") -> String("1.7.2\n")
[2m2026-06-12T18:02:08.638513Z[0m [32m INFO[0m [2mchumby_host[0m[2m:[0m ASnative(5,52) _backtick("chumby_version -n") -> String("CHUMBYPI001\n")
[2m2026-06-12T18:02:08.638698Z[0m [32m INFO[0m [2mchumby_host[0m[2m:[0m ASnative(5,205) _getEnvironment("LANGUAGE") -> String("en_US")
[2m2026-06-12T18:02:08.638751Z[0m [32m INFO[0m [2mavm_trace[0m[2m:[0m Language: en_US
[2m2026-06-12T18:02:08.638798Z[0m [32m INFO[0m [2mchumby_host[0m[2m:[0m ASnative(5,205) _getEnvironment("CONFIGNAME") -> String("ironforge")
[2m2026-06-12T18:02:08.638844Z[0m [32m INFO[0m [2mavm_trace[0m[2m:[0m ConfigName: ironforge
[2m2026-06-12T18:02:08.638882Z[0m [32m INFO[0m [2mavm_trace[0m[2m:[0m (resetting headphone_mgr)
[2m2026-06-12T18:02:08.638921Z[0m [33m WARN[0m [2mchumby_host[0m[2m:[0m exec fixture MISSING for command: "killall headphone_mgr; ( headphone_mgr --no-monitor-network ) &" (add to /home/jan/chumby-pi/fixtures/exec/manifest.txt)
[2m2026-06-12T18:02:08.638951Z[0m [32m INFO[0m [2mchumby_host[0m[2m:[0m ASnative(5,52) _backtick("killall headphone_mgr; ( headphone_mgr --no-monitor-network ) &") -> String("")
[2m2026-06-12T18:02:08.639005Z[0m [32m INFO[0m [2mchumby_host[0m[2m:[0m ASnative(5,202) _getPlatform() -> String("ironforge")
[2m2026-06-12T18:02:08.639061Z[0m [32m INFO[0m [2mavm_trace[0m[2m:[0m PlatformName: ironforge
[2m2026-06-12T18:02:08.639151Z[0m [32m INFO[0m [2mavm_trace[0m[2m:[0m Base URL=http://xml.chumby.com
[2m2026-06-12T18:02:08.639257Z[0m [32m INFO[0m [2mavm_trace[0m[2m:[0m Widgets URL=http://widgets.chumby.com
[2m2026-06-12T18:02:08.639458Z[0m [32m INFO[0m [2mavm_trace[0m[2m:[0m Restoring settings
[2m2026-06-12T18:02:08.639479Z[0m [32m INFO[0m [2mavm_trace[0m[2m:[0m - restoring clock format
[2m2026-06-12T18:02:08.639573Z[0m [32m INFO[0m [2mchumby_host[0m[2m:[0m ASnative(5,50) _getFile("/psp/clock_format") -> String("12")
[2m2026-06-12T18:02:08.639792Z[0m [32m INFO[0m [2mchumby_host[0m[2m:[0m ASnative(5,53) _fileExists("/tmp/nightmode") -> Number(0.0)
[2m2026-06-12T18:02:08.639844Z[0m [32m INFO[0m [2mchumby_host[0m[2m:[0m ASnative(5,50) _getFile("/psp/dimlevel") -> Undefined
[2m2026-06-12T18:02:08.639901Z[0m [32m INFO[0m [2mavm_trace[0m[2m:[0m ScreenManager.startupMode()
[2m2026-06-12T18:02:08.640027Z[0m [32m INFO[0m [2mchumby_host[0m[2m:[0m ASnative(5,50) _getFile("/psp/nooverlay") -> String("1")
[2m2026-06-12T18:02:08.640171Z[0m [32m INFO[0m [2mavm_trace[0m[2m:[0m ScreenManager.singleScreen(): true
[2m2026-06-12T18:02:08.640209Z[0m [32m INFO[0m [2mavm_trace[0m[2m:[0m -- enabling master updates
[2m2026-06-12T18:02:08.640252Z[0m [32m INFO[0m [2mchumby_host[0m[2m:[0m ASnative(5,118) _enableMasterUpdates(1) -> Undefined
[2m2026-06-12T18:02:08.640292Z[0m [32m INFO[0m [2mchumby_host[0m[2m:[0m ASnative(5,119) _enableSlaveUpdates(0) -> Undefined
[2m2026-06-12T18:02:08.640417Z[0m [32m INFO[0m [2mchumby_host[0m[2m:[0m ASnative(5,50) _getFile("/psp/dimlevel") -> Undefined
[2m2026-06-12T18:02:08.640514Z[0m [32m INFO[0m [2mavm_trace[0m[2m:[0m ScreenManager.setDim(): 0
[2m2026-06-12T18:02:08.640577Z[0m [32m INFO[0m [2mavm_trace[0m[2m:[0m ScreenManager.clearScreenRestore()
[2m2026-06-12T18:02:08.640729Z[0m [32m INFO[0m [2mchumby_host[0m[2m:[0m ASnative(5,53) _fileExists("/psp/daymode_brightness") -> Number(0.0)
[2m2026-06-12T18:02:08.640920Z[0m [32m INFO[0m [2mchumby_host[0m[2m:[0m ASnative(5,51) _putFile("/proc/sys/sense1/brightness", "65535\n") -> Undefined
[2m2026-06-12T18:02:08.641085Z[0m [32m INFO[0m [2mchumby_host[0m[2m:[0m ASnative(5,50) _getFile("/psp/touchclick") -> Undefined
[2m2026-06-12T18:02:08.641211Z[0m [32m INFO[0m [2mchumby_host[0m[2m:[0m ASnative(5,44) _setTouchClick(false) -> Undefined
[2m2026-06-12T18:02:08.641275Z[0m [32m INFO[0m [2mchumby_host[0m[2m:[0m ASnative(5,53) _fileExists("/psp/hotspot") -> Number(0.0)
[2m2026-06-12T18:02:08.641333Z[0m [32m INFO[0m [2mchumby_host[0m[2m:[0m ASnative(5,53) _fileExists("/psp/clockoverlay.xml") -> Number(0.0)
[2m2026-06-12T18:02:08.641392Z[0m [32m INFO[0m [2mavm_trace[0m[2m:[0m Fetching Chumby GUID
[2m2026-06-12T18:02:08.656434Z[0m [32m INFO[0m [2mchumby_host[0m[2m:[0m exec:// "guidgen.sh"
[2m2026-06-12T18:02:08.656968Z[0m [32m INFO[0m [2mavm_trace[0m[2m:[0m - GUID="CHUMBYPI-0000-0000-0000-000000000001"
[2m2026-06-12T18:02:08.657279Z[0m [32m INFO[0m [2mchumby_host[0m[2m:[0m ASnative(5,51) _putFile("/tmp/.guidhash", "CHUMBYPI-0000-0000-0000-000000000001\n") -> Undefined
[2m2026-06-12T18:02:08.657422Z[0m [32m INFO[0m [2mchumby_host[0m[2m:[0m ASnative(5,52) _backtick("md5sum /tmp/.guidhash") -> String("00000000000000000000000000000000  /tmp/.guidhash\n")
[2m2026-06-12T18:02:08.657929Z[0m [32m INFO[0m [2mavm_trace[0m[2m:[0m DCID()
[2m2026-06-12T18:02:08.658084Z[0m [32m INFO[0m [2mchumby_host[0m[2m:[0m ASnative(5,52) _backtick("dcid -o") -> String("<dcid></dcid>\n")
[2m2026-06-12T18:02:08.658924Z[0m [32m INFO[0m [2mavm_trace[0m[2m:[0m Fetching MAC address
[2m2026-06-12T18:02:08.659294Z[0m [32m INFO[0m [2mchumby_host[0m[2m:[0m exec:// "macgen.sh"
[2m2026-06-12T18:02:08.659597Z[0m [32m INFO[0m [2mavm_trace[0m[2m:[0m - MAC: 00:11:22:33:44:55
[2m2026-06-12T18:02:08.660071Z[0m [32m INFO[0m [2mavm_trace[0m[2m:[0m Fetching network status
[2m2026-06-12T18:02:08.660378Z[0m [32m INFO[0m [2mchumby_host[0m[2m:[0m exec:// "network_status.sh"
[2m2026-06-12T18:02:08.661168Z[0m [32m INFO[0m [2mavm_trace[0m[2m:[0m - network status: true
[2m2026-06-12T18:02:08.661775Z[0m [32m INFO[0m [2mavm_trace[0m[2m:[0m Authorizing chumby
[2m2026-06-12T18:02:08.662587Z[0m [32m INFO[0m [2mavm_trace[0m[2m:[0m ValidateScanPanel(): has network, authorizing
[2m2026-06-12T18:02:08.663490Z[0m [32m INFO[0m [2mchumby_host[0m[2m:[0m http fixture HIT http://xml.chumby.com/xml/authorize?hw=3.8&sw=1.7.2&fw=1.7.2&id=CHUMBYPI-0000-0000-0000-000000000001&nocache=1781287328662&config=ironforge
[2m2026-06-12T18:02:08.663834Z[0m [32m INFO[0m [2mavm_trace[0m[2m:[0m ValidateScanPanel.gotChumbyXML(): success
[2m2026-06-12T18:02:08.663983Z[0m [32m INFO[0m [2mavm_trace[0m[2m:[0m - authorized
[2m2026-06-12T18:02:08.664510Z[0m [32m INFO[0m [2mavm_trace[0m[2m:[0m Validating date
[2m2026-06-12T18:02:08.665850Z[0m [32m INFO[0m [2mavm_trace[0m[2m:[0m Entering normal operation
[2m2026-06-12T18:02:08.666820Z[0m [32m INFO[0m [2mchumby_host[0m[2m:[0m ASnative(5,50) _getFile("/psp/widget_shuffle") -> Undefined
[2m2026-06-12T18:02:08.667172Z[0m [32m INFO[0m [2mavm_trace[0m[2m:[0m WidgetPlayer.fetchChumbyXML()
[2m2026-06-12T18:02:08.667309Z[0m [32m INFO[0m [2mavm_trace[0m[2m:[0m WidgetPlayer.startChumbyTimeout():time out at Fri Jun 12 20:03:08 GMT+0200 2026
[2m2026-06-12T18:02:08.667523Z[0m [32m INFO[0m [2mavm_trace[0m[2m:[0m WidgetPlayer.startUpdateTimer(): next update check scheduled at Fri Jun 12 20:03:08 GMT+0200 2026
[2m2026-06-12T18:02:08.668196Z[0m [32m INFO[0m [2mchumby_host[0m[2m:[0m ASnative(5,50) _getFile("/tmp/nightmode") -> Undefined
[2m2026-06-12T18:02:08.668294Z[0m [32m INFO[0m [2mavm_trace[0m[2m:[0m WidgetMode.startBendSensor(): Bend sensor polling started
[2m2026-06-12T18:02:08.668640Z[0m [32m INFO[0m [2mavm_trace[0m[2m:[0m NormalMode.setScreenMode(): setting screen mode to hidden
[2m2026-06-12T18:02:08.668747Z[0m [32m INFO[0m [2mavm_trace[0m[2m:[0m Changing mode from  to hidden
[2m2026-06-12T18:02:08.668834Z[0m [32m INFO[0m [2mavm_trace[0m[2m:[0m - entering widgetMode
[2m2026-06-12T18:02:08.668895Z[0m [32m INFO[0m [2mchumby_host[0m[2m:[0m ASnative(5,87) _getDefaultSlaveInstance() -> Undefined
[2m2026-06-12T18:02:08.668943Z[0m [32m INFO[0m [2mchumby_host[0m[2m:[0m ASnative(5,86) _pauseResumeSlave(undefined, 1) -> Undefined
[2m2026-06-12T18:02:08.669081Z[0m [32m INFO[0m [2mavm_trace[0m[2m:[0m ScreenManager.widgetPlayerMode()
[2m2026-06-12T18:02:08.669377Z[0m [32m INFO[0m [2mavm_trace[0m[2m:[0m WidgetMode(): creating overlay intercom 
[2m2026-06-12T18:02:08.670172Z[0m [32m INFO[0m [2mavm_trace[0m[2m:[0m MusicPlayer()
[2m2026-06-12T18:02:08.670333Z[0m [32m INFO[0m [2mavm_trace[0m[2m:[0m TrackedBTPlayer()
[2m2026-06-12T18:02:08.670389Z[0m [32m INFO[0m [2mavm_trace[0m[2m:[0m TrackedPlayer()
[2m2026-06-12T18:02:08.670585Z[0m [32m INFO[0m [2mavm_trace[0m[2m:[0m IPodPlayer()
[2m2026-06-12T18:02:08.670916Z[0m [32m INFO[0m [2mavm_trace[0m[2m:[0m ShoutcastPlayer()
[2m2026-06-12T18:02:08.670976Z[0m [32m INFO[0m [2mavm_trace[0m[2m:[0m TrackedBTPlayer()
[2m2026-06-12T18:02:08.671034Z[0m [32m INFO[0m [2mavm_trace[0m[2m:[0m TrackedPlayer()
[2m2026-06-12T18:02:08.671472Z[0m [32m INFO[0m [2mavm_trace[0m[2m:[0m CBSPodcastsPlayer()
[2m2026-06-12T18:02:08.671537Z[0m [32m INFO[0m [2mavm_trace[0m[2m:[0m TrackedBTPlayer()
[2m2026-06-12T18:02:08.671596Z[0m [32m INFO[0m [2mavm_trace[0m[2m:[0m TrackedPlayer()
[2m2026-06-12T18:02:08.672070Z[0m [32m INFO[0m [2mavm_trace[0m[2m:[0m ChumbcastPlayer()
[2m2026-06-12T18:02:08.672339Z[0m [32m INFO[0m [2mavm_trace[0m[2m:[0m SleepcastPlayer()
[2m2026-06-12T18:02:08.672628Z[0m [32m INFO[0m [2mavm_trace[0m[2m:[0m InternodePlayer()
[2m2026-06-12T18:02:08.672924Z[0m [32m INFO[0m [2mavm_trace[0m[2m:[0m NOAAPlayer()
[2m2026-06-12T18:02:08.672984Z[0m [32m INFO[0m [2mavm_trace[0m[2m:[0m TrackedBTPlayer()
[2m2026-06-12T18:02:08.673043Z[0m [32m INFO[0m [2mavm_trace[0m[2m:[0m TrackedPlayer()
[2m2026-06-12T18:02:08.673386Z[0m [32m INFO[0m [2mavm_trace[0m[2m:[0m DirectURLPlayer()
[2m2026-06-12T18:02:08.673463Z[0m [32m INFO[0m [2mavm_trace[0m[2m:[0m TrackedBTPlayer()
[2m2026-06-12T18:02:08.673519Z[0m [32m INFO[0m [2mavm_trace[0m[2m:[0m TrackedPlayer()
[2m2026-06-12T18:02:08.673770Z[0m [32m INFO[0m [2mavm_trace[0m[2m:[0m FMRadioPlayer()
[2m2026-06-12T18:02:08.677194Z[0m [32m INFO[0m [2mchumby_host[0m[2m:[0m ASnative(5,53) _fileExists("/psp/fmradioband") -> Number(0.0)
[2m2026-06-12T18:02:08.677256Z[0m [32m INFO[0m [2mchumby_host[0m[2m:[0m ASnative(5,53) _fileExists("/psp/timezone_city") -> Number(1.0)
[2m2026-06-12T18:02:08.677271Z[0m [32m INFO[0m [2mavm_trace[0m[2m:[0m FMRadioPlayer.loadBands(): using timezone file
[2m2026-06-12T18:02:08.677356Z[0m [32m INFO[0m [2mchumby_host[0m[2m:[0m ASnative(5,50) _getFile("/psp/timezone_city") -> String("Oslo\tNorway")
[2m2026-06-12T18:02:08.677528Z[0m [32m INFO[0m [2mavm_trace[0m[2m:[0m  - looking for Oslo Norway
[2m2026-06-12T18:02:08.677712Z[0m [32m INFO[0m [2mchumby_host[0m[2m:[0m ASnative(5,50) _getFile("/psp/timezone_city") -> String("Oslo\tNorway")
[2m2026-06-12T18:02:08.694199Z[0m [32m INFO[0m [2mavm_trace[0m[2m:[0m  - found
[2m2026-06-12T18:02:08.694258Z[0m [32m INFO[0m [2mavm_trace[0m[2m:[0m FMRadioPlayer.loadBands(): looking for iso eu
[2m2026-06-12T18:02:08.694810Z[0m [32m INFO[0m [2mavm_trace[0m[2m:[0m FMRadioPlayer.setBand(): <country spacing="100" stop="108.0" start="87.0" name="Europe" iso="eu" />
[2m2026-06-12T18:02:08.694958Z[0m [32m INFO[0m [2mavm_trace[0m[2m:[0m XMLPool.checkOut(): creating new XML object _root.__xml0
[2m2026-06-12T18:02:08.695277Z[0m [32m INFO[0m [2mavm_trace[0m[2m:[0m FMRadioPlayer.makeURL(): http://127.0.0.1:8081/radio/configure?country=eu
[2m2026-06-12T18:02:08.695889Z[0m [32m INFO[0m [2mavm_trace[0m[2m:[0m FMRadioPlayer.loadBands(): using band <country spacing="100" stop="108.0" start="87.0" name="Europe" iso="eu" />
[2m2026-06-12T18:02:08.696041Z[0m [32m INFO[0m [2mavm_trace[0m[2m:[0m SlimServerPlayer()
[2m2026-06-12T18:02:08.696142Z[0m [32m INFO[0m [2mavm_trace[0m[2m:[0m MP3FilesPlayer()
[2m2026-06-12T18:02:08.696215Z[0m [32m INFO[0m [2mavm_trace[0m[2m:[0m TrackedBTPlayer()
[2m2026-06-12T18:02:08.696270Z[0m [32m INFO[0m [2mavm_trace[0m[2m:[0m TrackedPlayer()
[2m2026-06-12T18:02:08.696410Z[0m [32m INFO[0m [2mchumby_host[0m[2m:[0m ASnative(5,53) _fileExists("/psp/mp3files_order") -> Number(0.0)
[2m2026-06-12T18:02:08.696931Z[0m [32m INFO[0m [2mavm_trace[0m[2m:[0m AlarmPlayer()
[2m2026-06-12T18:02:08.697041Z[0m [32m INFO[0m [2mavm_trace[0m[2m:[0m UserPlayer()
[2m2026-06-12T18:02:08.697227Z[0m [32m INFO[0m [2mchumby_host[0m[2m:[0m ASnative(5,53) _fileExists("/tmp/musicsource") -> Number(0.0)
[2m2026-06-12T18:02:08.697303Z[0m [32m INFO[0m [2mavm_trace[0m[2m:[0m MusicPlayer.setSource():
[2m2026-06-12T18:02:08.697404Z[0m [32m INFO[0m [2mavm_trace[0m[2m:[0m MusicPlayer.setSource(): clearing source
[2m2026-06-12T18:02:08.697500Z[0m [33m WARN[0m [2mchumby_host[0m[2m:[0m exec fixture MISSING for command: "rm /tmp/musicsource" (add to /home/jan/chumby-pi/fixtures/exec/manifest.txt)
[2m2026-06-12T18:02:08.697524Z[0m [32m INFO[0m [2mchumby_host[0m[2m:[0m ASnative(5,52) _backtick("rm /tmp/musicsource") -> String("")
[2m2026-06-12T18:02:08.697746Z[0m [32m INFO[0m [2mavm_trace[0m[2m:[0m MusicPlayer.loadExternalPlayers()
[2m2026-06-12T18:02:08.697856Z[0m [32m INFO[0m [2mavm_trace[0m[2m:[0m ExternalMusicSources.loadLocal()
[2m2026-06-12T18:02:08.697921Z[0m [32m INFO[0m [2mchumby_host[0m[2m:[0m ASnative(5,53) _fileExists("/mnt/usb/externalmusic.xml") -> Number(0.0)
[2m2026-06-12T18:02:08.698127Z[0m [32m INFO[0m [2mavm_trace[0m[2m:[0m ExternalMusicSources.load()
[2m2026-06-12T18:02:08.698432Z[0m [32m INFO[0m [2mavm_trace[0m[2m:[0m AlarmSet()
[2m2026-06-12T18:02:08.698773Z[0m [32m INFO[0m [2mchumby_host[0m[2m:[0m ASnative(5,50) _getFile("/psp/alarms") -> String("<alarms><alarm name=\"\" backupDelay=\"5\" backup=\"1\" action_param=\"\" action=\"\" auto_dismiss=\"0\" param_description=\"Beep\" param=\"\" arg=\"Beep\" type=\"beep\" duration=\"30\" snooze=\"5\" enabled=\"0\" time=\"0\" when=\"daily\" /><alarm name=\"\" backupDelay=\"5\" backup=\"0\" action_param=\"\" action=\"\" auto_dismiss=\"0\" param_description=\"Bugle\" param=\"\" arg=\"Bugle\" type=\"beep\" duration=\"30\" snooze=\"5\" enabled=\"0\" time=\"0\" when=\"daily\" /></alarms>\n")
[2m2026-06-12T18:02:08.699173Z[0m [32m INFO[0m [2mavm_trace[0m[2m:[0m AlarmSet.fromXML()
[2m2026-06-12T18:02:08.701240Z[0m [32m INFO[0m [2mavm_trace[0m[2m:[0m Alarm.process(): processing Daily at 12:00 am
[2m2026-06-12T18:02:08.701675Z[0m [32m INFO[0m [2mavm_trace[0m[2m:[0m Alarm.process(): processing Daily at 12:00 am
[2m2026-06-12T18:02:08.701930Z[0m [32m INFO[0m [2mchumby_host[0m[2m:[0m ASnative(5,53) _fileExists("/psp/ifalarm") -> Number(0.0)
[2m2026-06-12T18:02:08.704954Z[0m [32m INFO[0m [2mchumby_host[0m[2m:[0m http fixture HIT http://xml.chumby.com/xml/chumbies/?id=CHUMBYPI-0000-0000-0000-000000000001&nocache=1386&config=ironforge
[2m2026-06-12T18:02:08.705314Z[0m [32m INFO[0m [2mavm_trace[0m[2m:[0m WidgetPlayer.stopChumbyTimeout()
[2m2026-06-12T18:02:08.705588Z[0m [32m INFO[0m [2mavm_trace[0m[2m:[0m WidgetPlayer.gotChumbyXML(): received chumby information
[2m2026-06-12T18:02:08.706033Z[0m [32m INFO[0m [2mchumby_host[0m[2m:[0m ASnative(5,51) _putFile("/tmp/.guidhash", "jan\n") -> Undefined
[2m2026-06-12T18:02:08.706178Z[0m [32m INFO[0m [2mchumby_host[0m[2m:[0m ASnative(5,52) _backtick("md5sum /tmp/.guidhash") -> String("00000000000000000000000000000000  /tmp/.guidhash\n")
[2m2026-06-12T18:02:08.706879Z[0m [32m INFO[0m [2mchumby_host[0m[2m:[0m ASnative(5,51) _putFile("/tmp/.guidhash", "1\n") -> Undefined
[2m2026-06-12T18:02:08.707016Z[0m [32m INFO[0m [2mchumby_host[0m[2m:[0m ASnative(5,52) _backtick("md5sum /tmp/.guidhash") -> String("00000000000000000000000000000000  /tmp/.guidhash\n")
[2m2026-06-12T18:02:08.707500Z[0m [32m INFO[0m [2mchumby_host[0m[2m:[0m ASnative(5,51) _putFile("/psp/hostname", "chumbypi\n") -> Undefined
[2m2026-06-12T18:02:08.707566Z[0m [32m INFO[0m [2mavm_trace[0m[2m:[0m - user:jan
[2m2026-06-12T18:02:08.707592Z[0m [32m INFO[0m [2mavm_trace[0m[2m:[0m - profile:chumbypi-channel
[2m2026-06-12T18:02:08.707629Z[0m [32m INFO[0m [2mavm_trace[0m[2m:[0m - chumby:chumbypi
[2m2026-06-12T18:02:08.708109Z[0m [32m INFO[0m [2mavm_trace[0m[2m:[0m WidgetPlayer.fetchProfileXML(): loading profile chumbypi-channel from http://xml.chumby.com/xml/profiles?id=1&chumby_id=CHUMBYPI-0000-0000-0000-000000000001&nocache=1427&config=ironforge
[2m2026-06-12T18:02:08.708269Z[0m [32m INFO[0m [2mavm_trace[0m[2m:[0m WidgetPlayer.startProfileTimeout():time out at Fri Jun 12 20:03:08 GMT+0200 2026
[2m2026-06-12T18:02:08.708846Z[0m [33m WARN[0m [2mchumby_host[0m[2m:[0m http fixture MISSING for "http://127.0.0.1:8081/radio/configure?country=eu" (expected file /home/jan/chumby-pi/fixtures/http/127.0.0.1:8081/radio/configure)
[2m2026-06-12T18:02:08.708926Z[0m [31mERROR[0m [2mruffle_core::loader[0m[2m:[0m Error during LoadVars load of "http://127.0.0.1:8081/radio/configure?country=eu": FetchError("missing chumby fixture for http://127.0.0.1:8081/radio/configure?country=eu")
[2m2026-06-12T18:02:08.709086Z[0m [32m INFO[0m [2mavm_trace[0m[2m:[0m FMRadioPlayer.setBand.onLoad(): false
[2m2026-06-12T18:02:08.709566Z[0m [32m INFO[0m [2mchumby_host[0m[2m:[0m http fixture HIT http://music.chumby.com/music_sources/show/?hw=3.8&sw=1.7.2&fw=1.7.2&id=CHUMBYPI-0000-0000-0000-000000000001&nocache=1417&config=ironforge
[2m2026-06-12T18:02:08.709726Z[0m [32m INFO[0m [2mavm_trace[0m[2m:[0m ExternalMusicSources.load(): load succeeded
[2m2026-06-12T18:02:08.709990Z[0m [32m INFO[0m [2mavm_trace[0m[2m:[0m ExternalMusicSource.getNextItem(): queue empty
[2m2026-06-12T18:02:08.710068Z[0m [32m INFO[0m [2mavm_trace[0m[2m:[0m MusicPlayer.gotExternalPlayers(): true
[2m2026-06-12T18:02:08.710199Z[0m [32m INFO[0m [2mchumby_host[0m[2m:[0m ASnative(5,53) _fileExists("/psp/music_order") -> Number(0.0)
[2m2026-06-12T18:02:08.710464Z[0m [32m INFO[0m [2mchumby_host[0m[2m:[0m http fixture HIT http://xml.chumby.com/xml/profiles?id=1&chumby_id=CHUMBYPI-0000-0000-0000-000000000001&nocache=1427&config=ironforge
[2m2026-06-12T18:02:08.710775Z[0m [32m INFO[0m [2mavm_trace[0m[2m:[0m WidgetPlayer.stopProfileTimeout()
[2m2026-06-12T18:02:08.710941Z[0m [32m INFO[0m [2mavm_trace[0m[2m:[0m WidgetPlayer.gotProfileXML(): received profile
[2m2026-06-12T18:02:08.711866Z[0m [32m INFO[0m [2mchumby_host[0m[2m:[0m ASnative(5,51) _putFile("/tmp/.guidhash", "1\n") -> Undefined
[2m2026-06-12T18:02:08.712018Z[0m [32m INFO[0m [2mchumby_host[0m[2m:[0m ASnative(5,52) _backtick("md5sum /tmp/.guidhash") -> String("00000000000000000000000000000000  /tmp/.guidhash\n")
[2m2026-06-12T18:02:08.712678Z[0m [32m INFO[0m [2mchumby_host[0m[2m:[0m ASnative(5,51) _putFile("/tmp/currentProfileID", "1\n") -> Undefined
[2m2026-06-12T18:02:08.712832Z[0m [32m INFO[0m [2mchumby_host[0m[2m:[0m ASnative(5,51) _putFile("/tmp/currentProfileName", "chumbypi-channel\n") -> Undefined
[2m2026-06-12T18:02:08.713234Z[0m [32m INFO[0m [2mchumby_host[0m[2m:[0m ASnative(5,51) _putFile("/tmp/.guidhash", "jan\n") -> Undefined
[2m2026-06-12T18:02:08.713354Z[0m [32m INFO[0m [2mchumby_host[0m[2m:[0m ASnative(5,52) _backtick("md5sum /tmp/.guidhash") -> String("00000000000000000000000000000000  /tmp/.guidhash\n")
[2m2026-06-12T18:02:08.714073Z[0m [32m INFO[0m [2mchumby_host[0m[2m:[0m ASnative(5,51) _putFile("/tmp/channel_names", "chumbypi-channel\n\n") -> Undefined
[2m2026-06-12T18:02:08.714539Z[0m [32m INFO[0m [2mchumby_host[0m[2m:[0m ASnative(5,53) _fileExists("/tmp/profile.xml") -> Number(0.0)
[2m2026-06-12T18:02:08.714605Z[0m [32m INFO[0m [2mchumby_host[0m[2m:[0m ASnative(5,53) _fileExists("/mnt/usb/profile.xml") -> Number(0.0)
[2m2026-06-12T18:02:08.714658Z[0m [32m INFO[0m [2mchumby_host[0m[2m:[0m ASnative(5,53) _fileExists("/mnt/storage/profile.xml") -> Number(0.0)
[2m2026-06-12T18:02:08.714711Z[0m [32m INFO[0m [2mchumby_host[0m[2m:[0m ASnative(5,53) _fileExists("/psp/profile.xml") -> Number(0.0)
[2m2026-06-12T18:02:08.714787Z[0m [32m INFO[0m [2mavm_trace[0m[2m:[0m MultipathFile.locateFile(): no files found in /tmp/profile.xml,/mnt/usb/profile.xml,/mnt/storage/profile.xml,/psp/profile.xml
[2m2026-06-12T18:02:08.714846Z[0m [32m INFO[0m [2mavm_trace[0m[2m:[0m  - total 0 widget instances in profile
[2m2026-06-12T18:02:08.714997Z[0m [32m INFO[0m [2mavm_trace[0m[2m:[0m   - 0 widget instances in rotation
[2m2026-06-12T18:02:08.715042Z[0m [32m INFO[0m [2mavm_trace[0m[2m:[0m   - 0 widget instances awaiting approval
[2m2026-06-12T18:02:08.715228Z[0m [32m INFO[0m [2mchumby_host[0m[2m:[0m ASnative(5,51) _putFile("/tmp/widget_names", "\n") -> Undefined
[2m2026-06-12T18:02:08.715261Z[0m [32m INFO[0m [2mavm_trace[0m[2m:[0m - checking if the current widget is in the newly loaded profile
[2m2026-06-12T18:02:08.715328Z[0m [32m INFO[0m [2mavm_trace[0m[2m:[0m  - currently running widget not in profile, forcing advance
[2m2026-06-12T18:02:08.715422Z[0m [32m INFO[0m [2mavm_trace[0m[2m:[0m WidgetPlayer.nextWidget(): loading next widget instance
[2m2026-06-12T18:02:08.715546Z[0m [32m INFO[0m [2mchumby_host[0m[2m:[0m ASnative(5,80) _setSlaveVar("_chumby_timer_expires", -1) -> Undefined
[2m2026-06-12T18:02:08.715825Z[0m [32m INFO[0m [2mavm_trace[0m[2m:[0m WidgetPlayer.changeProfileEasterEgg(): Checking for profile easter egg
[2m2026-06-12T18:02:08.715898Z[0m [32m INFO[0m [2mchumby_host[0m[2m:[0m ASnative(5,53) _fileExists("/tmp/change_profile") -> Number(0.0)
[2m2026-06-12T18:02:08.715922Z[0m [32m INFO[0m [2mavm_trace[0m[2m:[0m  - not found
[2m2026-06-12T18:02:08.715946Z[0m [32m INFO[0m [2mavm_trace[0m[2m:[0m WidgetPlayer.fetchWidgetInstanceXML(): processing widget instance
[2m2026-06-12T18:02:08.716117Z[0m [32m INFO[0m [2mavm_trace[0m[2m:[0m - clearing advance timer handler
[2m2026-06-12T18:02:08.716420Z[0m [32m INFO[0m [2mavm_trace[0m[2m:[0m WidgetPlayer.playWidget(): playing widget instance (current play mode "playing")
[2m2026-06-12T18:02:08.716502Z[0m [32m INFO[0m [2mavm_trace[0m[2m:[0m WidgetPlayer.loadWidgetIntoProxy(): loading widget instance into player
[2m2026-06-12T18:02:08.717277Z[0m [32m INFO[0m [2mavm_trace[0m[2m:[0m WidgetCache.loadWidget(): relative URL, making absolute
[2m2026-06-12T18:02:08.717354Z[0m [32m INFO[0m [2mavm_trace[0m[2m:[0m WidgetCache.loadWidget(): url=
[2m2026-06-12T18:02:08.717587Z[0m [32m INFO[0m [2mavm_trace[0m[2m:[0m WidgetCache: no entry for id: version:null
[2m2026-06-12T18:02:08.717683Z[0m [32m INFO[0m [2mchumby_host[0m[2m:[0m ASnative(5,53) _fileExists("/tmp/widgetcache") -> Number(0.0)
[2m2026-06-12T18:02:08.717763Z[0m [33m WARN[0m [2mchumby_host[0m[2m:[0m exec fixture MISSING for command: "mkdir /tmp/widgetcache; sync; echo $?" (add to /home/jan/chumby-pi/fixtures/exec/manifest.txt)
[2m2026-06-12T18:02:08.717791Z[0m [32m INFO[0m [2mchumby_host[0m[2m:[0m ASnative(5,52) _backtick("mkdir /tmp/widgetcache; sync; echo $?") -> String("")
[2m2026-06-12T18:02:08.718153Z[0m [33m WARN[0m [2mchumby_host[0m[2m:[0m _md5Sum stub returning marker digest
[2m2026-06-12T18:02:08.718177Z[0m [32m INFO[0m [2mchumby_host[0m[2m:[0m ASnative(5,162) _md5Sum("CHUMBYPI-0000-0000-0000-000000000001blueocty") -> String("00000000000000000000000000000000")
[2m2026-06-12T18:02:08.718347Z[0m [32m INFO[0m [2mavm_trace[0m[2m:[0m WidgetCache.loadWidget(): loading widget id: version:null into cache
[2m2026-06-12T18:02:08.719175Z[0m [32m INFO[0m [2mavm_trace[0m[2m:[0m WidgetPlayer.startProfileTimer(): next profile scheduled to load at Fri Jun 12 21:08:08 GMT+0200 2026
[2m2026-06-12T18:02:08.720071Z[0m [33m WARN[0m [2mruffle_core::compatibility_rules[0m[2m:[0m Couldn't rewrite swf url exec://nice -n 10 curl '' > /tmp/widgetcache/00000000-0000-0000-0000-000000000000; echo $?: invalid domain character
[2m2026-06-12T18:02:08.720103Z[0m [32m INFO[0m [2mchumby_host[0m[2m:[0m exec:// "nice -n 10 curl '' > /tmp/widgetcache/00000000-0000-0000-0000-000000000000; echo $?"
[2m2026-06-12T18:02:08.720114Z[0m [33m WARN[0m [2mchumby_host[0m[2m:[0m exec fixture MISSING for command: "nice -n 10 curl '' > /tmp/widgetcache/00000000-0000-0000-0000-000000000000; echo $?" (add to /home/jan/chumby-pi/fixtures/exec/manifest.txt)
[2m2026-06-12T18:02:08.720133Z[0m [33m WARN[0m [2mruffle_core::compatibility_rules[0m[2m:[0m Couldn't rewrite swf url exec://nice -n 10 curl '' > /tmp/widgetcache/00000000-0000-0000-0000-000000000000; echo $?: invalid domain character
[2m2026-06-12T18:02:08.720373Z[0m [32m INFO[0m [2mavm_trace[0m[2m:[0m WidgetCache.loadedWidget(): failed, fallback to original URL
[2m2026-06-12T18:02:08.731312Z[0m [32m INFO[0m [2mchumby_host[0m[2m:[0m ASnative(5,42) _fscommand2("GetTotalPlayerMemory", "totalMem") -> Undefined
[2m2026-06-12T18:02:08.731421Z[0m [32m INFO[0m [2mavm_trace[0m[2m:[0m (Master heartbeat)
[2m2026-06-12T18:02:08.731632Z[0m [32m INFO[0m [2mchumby_host[0m[2m:[0m ASnative(5,51) _putFile("/tmp/movieheartbeat", "1\n") -> Undefined
[2m2026-06-12T18:02:08.731949Z[0m [32m INFO[0m [2mchumby_host[0m[2m:[0m ASnative(5,25) _bent() -> Number(0.0)
[2m2026-06-12T18:02:08.816045Z[0m [32m INFO[0m [2mchumby_host[0m[2m:[0m ASnative(5,25) _bent() -> Number(0.0)
[2m2026-06-12T18:02:08.898517Z[0m [32m INFO[0m [2mchumby_host[0m[2m:[0m ASnative(5,25) _bent() -> Number(0.0)
[2m2026-06-12T18:02:08.982526Z[0m [32m INFO[0m [2mchumby_host[0m[2m:[0m ASnative(5,25) _bent() -> Number(0.0)
[2m2026-06-12T18:02:09.064407Z[0m [32m INFO[0m [2mchumby_host[0m[2m:[0m ASnative(5,25) _bent() -> Number(0.0)
[2m2026-06-12T18:02:09.147848Z[0m [32m INFO[0m [2mchumby_host[0m[2m:[0m ASnative(5,25) _bent() -> Number(0.0)
[2m2026-06-12T18:02:09.231268Z[0m [32m INFO[0m [2mchumby_host[0m[2m:[0m ASnative(5,25) _bent() -> Number(0.0)
[2m2026-06-12T18:02:09.314637Z[0m [32m INFO[0m [2mchumby_host[0m[2m:[0m ASnative(5,25) _bent() -> Number(0.0)
[2m2026-06-12T18:02:09.398924Z[0m [32m INFO[0m [2mchumby_host[0m[2m:[0m ASnative(5,25) _bent() -> Number(0.0)
[2m2026-06-12T18:02:09.482335Z[0m [32m INFO[0m [2mchumby_host[0m[2m:[0m ASnative(5,25) _bent() -> Number(0.0)
[2m2026-06-12T18:02:09.565758Z[0m [32m INFO[0m [2mchumby_host[0m[2m:[0m ASnative(5,25) _bent() -> Number(0.0)
[2m2026-06-12T18:02:09.648455Z[0m [32m INFO[0m [2mchumby_host[0m[2m:[0m ASnative(5,25) _bent() -> Number(0.0)
[2m2026-06-12T18:02:09.732543Z[0m [32m INFO[0m [2mchumby_host[0m[2m:[0m ASnative(5,25) _bent() -> Number(0.0)
[2m2026-06-12T18:02:09.814550Z[0m [32m INFO[0m [2mchumby_host[0m[2m:[0m ASnative(5,25) _bent() -> Number(0.0)
[2m2026-06-12T18:02:09.899197Z[0m [32m INFO[0m [2mchumby_host[0m[2m:[0m ASnative(5,25) _bent() -> Number(0.0)
[2m2026-06-12T18:02:09.981875Z[0m [32m INFO[0m [2mchumby_host[0m[2m:[0m ASnative(5,25) _bent() -> Number(0.0)
[2m2026-06-12T18:02:10.066537Z[0m [32m INFO[0m [2mchumby_host[0m[2m:[0m ASnative(5,25) _bent() -> Number(0.0)
[2m2026-06-12T18:02:10.148778Z[0m [32m INFO[0m [2mchumby_host[0m[2m:[0m ASnative(5,25) _bent() -> Number(0.0)
[2m2026-06-12T18:02:10.231220Z[0m [32m INFO[0m [2mchumby_host[0m[2m:[0m ASnative(5,25) _bent() -> Number(0.0)
[2m2026-06-12T18:02:10.314507Z[0m [32m INFO[0m [2mchumby_host[0m[2m:[0m ASnative(5,25) _bent() -> Number(0.0)
[2m2026-06-12T18:02:10.397774Z[0m [32m INFO[0m [2mchumby_host[0m[2m:[0m ASnative(5,25) _bent() -> Number(0.0)
[2m2026-06-12T18:02:10.481435Z[0m [32m INFO[0m [2mchumby_host[0m[2m:[0m ASnative(5,25) _bent() -> Number(0.0)
[2m2026-06-12T18:02:10.564427Z[0m [32m INFO[0m [2mchumby_host[0m[2m:[0m ASnative(5,25) _bent() -> Number(0.0)
[2m2026-06-12T18:02:10.647827Z[0m [32m INFO[0m [2mchumby_host[0m[2m:[0m ASnative(5,25) _bent() -> Number(0.0)
[2m2026-06-12T18:02:10.732493Z[0m [32m INFO[0m [2mchumby_host[0m[2m:[0m ASnative(5,25) _bent() -> Number(0.0)
[2m2026-06-12T18:02:10.814482Z[0m [32m INFO[0m [2mchumby_host[0m[2m:[0m ASnative(5,25) _bent() -> Number(0.0)
[2m2026-06-12T18:02:10.898335Z[0m [32m INFO[0m [2mchumby_host[0m[2m:[0m ASnative(5,25) _bent() -> Number(0.0)
[2m2026-06-12T18:02:10.982884Z[0m [32m INFO[0m [2mchumby_host[0m[2m:[0m ASnative(5,25) _bent() -> Number(0.0)
[2m2026-06-12T18:02:11.065672Z[0m [32m INFO[0m [2mchumby_host[0m[2m:[0m ASnative(5,25) _bent() -> Number(0.0)
[2m2026-06-12T18:02:11.147890Z[0m [32m INFO[0m [2mchumby_host[0m[2m:[0m ASnative(5,25) _bent() -> Number(0.0)
[2m2026-06-12T18:02:11.231301Z[0m [32m INFO[0m [2mchumby_host[0m[2m:[0m ASnative(5,25) _bent() -> Number(0.0)
[2m2026-06-12T18:02:11.314464Z[0m [32m INFO[0m [2mchumby_host[0m[2m:[0m ASnative(5,25) _bent() -> Number(0.0)
[2m2026-06-12T18:02:11.399074Z[0m [32m INFO[0m [2mchumby_host[0m[2m:[0m ASnative(5,25) _bent() -> Number(0.0)
[2m2026-06-12T18:02:11.481290Z[0m [32m INFO[0m [2mchumby_host[0m[2m:[0m ASnative(5,25) _bent() -> Number(0.0)
[2m2026-06-12T18:02:11.564400Z[0m [32m INFO[0m [2mchumby_host[0m[2m:[0m ASnative(5,25) _bent() -> Number(0.0)
[2m2026-06-12T18:02:11.647729Z[0m [32m INFO[0m [2mchumby_host[0m[2m:[0m ASnative(5,25) _bent() -> Number(0.0)
[2m2026-06-12T18:02:11.731148Z[0m [32m INFO[0m [2mchumby_host[0m[2m:[0m ASnative(5,25) _bent() -> Number(0.0)
[2m2026-06-12T18:02:11.815632Z[0m [32m INFO[0m [2mchumby_host[0m[2m:[0m ASnative(5,25) _bent() -> Number(0.0)
[2m2026-06-12T18:02:11.898919Z[0m [32m INFO[0m [2mchumby_host[0m[2m:[0m ASnative(5,25) _bent() -> Number(0.0)
[2m2026-06-12T18:02:11.981208Z[0m [32m INFO[0m [2mchumby_host[0m[2m:[0m ASnative(5,25) _bent() -> Number(0.0)
[2m2026-06-12T18:02:12.065804Z[0m [32m INFO[0m [2mchumby_host[0m[2m:[0m ASnative(5,25) _bent() -> Number(0.0)
[2m2026-06-12T18:02:12.147779Z[0m [32m INFO[0m [2mchumby_host[0m[2m:[0m ASnative(5,25) _bent() -> Number(0.0)
[2m2026-06-12T18:02:12.232504Z[0m [32m INFO[0m [2mchumby_host[0m[2m:[0m ASnative(5,25) _bent() -> Number(0.0)
[2m2026-06-12T18:02:12.315666Z[0m [32m INFO[0m [2mchumby_host[0m[2m:[0m ASnative(5,25) _bent() -> Number(0.0)
[2m2026-06-12T18:02:12.398521Z[0m [32m INFO[0m [2mchumby_host[0m[2m:[0m ASnative(5,25) _bent() -> Number(0.0)
[2m2026-06-12T18:02:12.481131Z[0m [32m INFO[0m [2mchumby_host[0m[2m:[0m ASnative(5,25) _bent() -> Number(0.0)
[2m2026-06-12T18:02:12.565854Z[0m [32m INFO[0m [2mchumby_host[0m[2m:[0m ASnative(5,25) _bent() -> Number(0.0)
[2m2026-06-12T18:02:12.653747Z[0m [32m INFO[0m [2mchumby_host[0m[2m:[0m ASnative(5,25) _bent() -> Number(0.0)
[2m2026-06-12T18:02:12.732465Z[0m [32m INFO[0m [2mchumby_host[0m[2m:[0m ASnative(5,25) _bent() -> Number(0.0)
[2m2026-06-12T18:02:12.815180Z[0m [32m INFO[0m [2mchumby_host[0m[2m:[0m ASnative(5,25) _bent() -> Number(0.0)
[2m2026-06-12T18:02:12.897832Z[0m [32m INFO[0m [2mchumby_host[0m[2m:[0m ASnative(5,25) _bent() -> Number(0.0)
[2m2026-06-12T18:02:12.982472Z[0m [32m INFO[0m [2mchumby_host[0m[2m:[0m ASnative(5,25) _bent() -> Number(0.0)
[2m2026-06-12T18:02:13.067707Z[0m [32m INFO[0m [2mchumby_host[0m[2m:[0m ASnative(5,25) _bent() -> Number(0.0)
[2m2026-06-12T18:02:13.148851Z[0m [32m INFO[0m [2mchumby_host[0m[2m:[0m ASnative(5,25) _bent() -> Number(0.0)
[2m2026-06-12T18:02:13.232249Z[0m [32m INFO[0m [2mchumby_host[0m[2m:[0m ASnative(5,25) _bent() -> Number(0.0)
[2m2026-06-12T18:02:13.314574Z[0m [32m INFO[0m [2mchumby_host[0m[2m:[0m ASnative(5,25) _bent() -> Number(0.0)
[2m2026-06-12T18:02:13.400109Z[0m [32m INFO[0m [2mchumby_host[0m[2m:[0m ASnative(5,25) _bent() -> Number(0.0)
[2m2026-06-12T18:02:13.482454Z[0m [32m INFO[0m [2mchumby_host[0m[2m:[0m ASnative(5,25) _bent() -> Number(0.0)
[2m2026-06-12T18:02:13.564393Z[0m [32m INFO[0m [2mchumby_host[0m[2m:[0m ASnative(5,25) _bent() -> Number(0.0)
[2m2026-06-12T18:02:13.649041Z[0m [32m INFO[0m [2mchumby_host[0m[2m:[0m ASnative(5,25) _bent() -> Number(0.0)
[2m2026-06-12T18:02:13.731336Z[0m [32m INFO[0m [2mchumby_host[0m[2m:[0m ASnative(5,25) _bent() -> Number(0.0)
[2m2026-06-12T18:02:13.815566Z[0m [32m INFO[0m [2mchumby_host[0m[2m:[0m ASnative(5,25) _bent() -> Number(0.0)
[2m2026-06-12T18:02:13.897702Z[0m [32m INFO[0m [2mchumby_host[0m[2m:[0m ASnative(5,25) _bent() -> Number(0.0)
[2m2026-06-12T18:02:13.982253Z[0m [32m INFO[0m [2mchumby_host[0m[2m:[0m ASnative(5,25) _bent() -> Number(0.0)
[2m2026-06-12T18:02:14.065827Z[0m [32m INFO[0m [2mchumby_host[0m[2m:[0m ASnative(5,25) _bent() -> Number(0.0)
[2m2026-06-12T18:02:14.147814Z[0m [32m INFO[0m [2mchumby_host[0m[2m:[0m ASnative(5,25) _bent() -> Number(0.0)
[2m2026-06-12T18:02:14.232501Z[0m [32m INFO[0m [2mchumby_host[0m[2m:[0m ASnative(5,25) _bent() -> Number(0.0)
[2m2026-06-12T18:02:14.314699Z[0m [32m INFO[0m [2mchumby_host[0m[2m:[0m ASnative(5,25) _bent() -> Number(0.0)
[2m2026-06-12T18:02:14.398902Z[0m [32m INFO[0m [2mchumby_host[0m[2m:[0m ASnative(5,25) _bent() -> Number(0.0)
[2m2026-06-12T18:02:14.482249Z[0m [32m INFO[0m [2mchumby_host[0m[2m:[0m ASnative(5,25) _bent() -> Number(0.0)
[2m2026-06-12T18:02:14.565667Z[0m [32m INFO[0m [2mchumby_host[0m[2m:[0m ASnative(5,25) _bent() -> Number(0.0)
[2m2026-06-12T18:02:14.648998Z[0m [32m INFO[0m [2mchumby_host[0m[2m:[0m ASnative(5,25) _bent() -> Number(0.0)
[2m2026-06-12T18:02:14.732181Z[0m [32m INFO[0m [2mchumby_host[0m[2m:[0m ASnative(5,25) _bent() -> Number(0.0)
[2m2026-06-12T18:02:14.815506Z[0m [32m INFO[0m [2mchumby_host[0m[2m:[0m ASnative(5,25) _bent() -> Number(0.0)
[2m2026-06-12T18:02:14.898824Z[0m [32m INFO[0m [2mchumby_host[0m[2m:[0m ASnative(5,25) _bent() -> Number(0.0)
[2m2026-06-12T18:02:14.981184Z[0m [32m INFO[0m [2mchumby_host[0m[2m:[0m ASnative(5,25) _bent() -> Number(0.0)
[2m2026-06-12T18:02:15.064456Z[0m [32m INFO[0m [2mchumby_host[0m[2m:[0m ASnative(5,25) _bent() -> Number(0.0)
[2m2026-06-12T18:02:15.148960Z[0m [32m INFO[0m [2mchumby_host[0m[2m:[0m ASnative(5,25) _bent() -> Number(0.0)
[2m2026-06-12T18:02:15.232277Z[0m [32m INFO[0m [2mchumby_host[0m[2m:[0m ASnative(5,25) _bent() -> Number(0.0)
[2m2026-06-12T18:02:15.314463Z[0m [32m INFO[0m [2mchumby_host[0m[2m:[0m ASnative(5,25) _bent() -> Number(0.0)
[2m2026-06-12T18:02:15.397757Z[0m [32m INFO[0m [2mchumby_host[0m[2m:[0m ASnative(5,25) _bent() -> Number(0.0)
[2m2026-06-12T18:02:15.482229Z[0m [32m INFO[0m [2mchumby_host[0m[2m:[0m ASnative(5,25) _bent() -> Number(0.0)
[2m2026-06-12T18:02:15.564578Z[0m [32m INFO[0m [2mchumby_host[0m[2m:[0m ASnative(5,25) _bent() -> Number(0.0)
[2m2026-06-12T18:02:15.647707Z[0m [32m INFO[0m [2mchumby_host[0m[2m:[0m ASnative(5,25) _bent() -> Number(0.0)
[2m2026-06-12T18:02:15.732219Z[0m [32m INFO[0m [2mchumby_host[0m[2m:[0m ASnative(5,25) _bent() -> Number(0.0)
[2m2026-06-12T18:02:15.815653Z[0m [32m INFO[0m [2mchumby_host[0m[2m:[0m ASnative(5,25) _bent() -> Number(0.0)
[2m2026-06-12T18:02:15.898942Z[0m [32m INFO[0m [2mchumby_host[0m[2m:[0m ASnative(5,25) _bent() -> Number(0.0)
[2m2026-06-12T18:02:15.982177Z[0m [32m INFO[0m [2mchumby_host[0m[2m:[0m ASnative(5,25) _bent() -> Number(0.0)
[2m2026-06-12T18:02:16.064765Z[0m [32m INFO[0m [2mchumby_host[0m[2m:[0m ASnative(5,25) _bent() -> Number(0.0)
[2m2026-06-12T18:02:16.149090Z[0m [32m INFO[0m [2mchumby_host[0m[2m:[0m ASnative(5,25) _bent() -> Number(0.0)
[2m2026-06-12T18:02:16.231234Z[0m [32m INFO[0m [2mchumby_host[0m[2m:[0m ASnative(5,25) _bent() -> Number(0.0)
[2m2026-06-12T18:02:16.314461Z[0m [32m INFO[0m [2mchumby_host[0m[2m:[0m ASnative(5,25) _bent() -> Number(0.0)
[2m2026-06-12T18:02:16.397884Z[0m [32m INFO[0m [2mchumby_host[0m[2m:[0m ASnative(5,25) _bent() -> Number(0.0)
[2m2026-06-12T18:02:16.481126Z[0m [32m INFO[0m [2mchumby_host[0m[2m:[0m ASnative(5,25) _bent() -> Number(0.0)
[2m2026-06-12T18:02:16.564429Z[0m [32m INFO[0m [2mchumby_host[0m[2m:[0m ASnative(5,25) _bent() -> Number(0.0)
[2m2026-06-12T18:02:16.648019Z[0m [32m INFO[0m [2mchumby_host[0m[2m:[0m ASnative(5,25) _bent() -> Number(0.0)
[2m2026-06-12T18:02:16.731208Z[0m [32m INFO[0m [2mchumby_host[0m[2m:[0m ASnative(5,25) _bent() -> Number(0.0)
[2m2026-06-12T18:02:16.814709Z[0m [32m INFO[0m [2mchumby_host[0m[2m:[0m ASnative(5,25) _bent() -> Number(0.0)
[2m2026-06-12T18:02:16.897842Z[0m [32m INFO[0m [2mchumby_host[0m[2m:[0m ASnative(5,25) _bent() -> Number(0.0)
[2m2026-06-12T18:02:16.983841Z[0m [32m INFO[0m [2mchumby_host[0m[2m:[0m ASnative(5,25) _bent() -> Number(0.0)
[2m2026-06-12T18:02:17.064824Z[0m [32m INFO[0m [2mchumby_host[0m[2m:[0m ASnative(5,25) _bent() -> Number(0.0)
[2m2026-06-12T18:02:17.147720Z[0m [32m INFO[0m [2mchumby_host[0m[2m:[0m ASnative(5,25) _bent() -> Number(0.0)
[2m2026-06-12T18:02:17.231367Z[0m [32m INFO[0m [2mchumby_host[0m[2m:[0m ASnative(5,25) _bent() -> Number(0.0)
[2m2026-06-12T18:02:17.315683Z[0m [32m INFO[0m [2mchumby_host[0m[2m:[0m ASnative(5,25) _bent() -> Number(0.0)
[2m2026-06-12T18:02:17.398839Z[0m [32m INFO[0m [2mchumby_host[0m[2m:[0m ASnative(5,25) _bent() -> Number(0.0)
[2m2026-06-12T18:02:17.482214Z[0m [32m INFO[0m [2mchumby_host[0m[2m:[0m ASnative(5,25) _bent() -> Number(0.0)
[2m2026-06-12T18:02:17.565473Z[0m [32m INFO[0m [2mchumby_host[0m[2m:[0m ASnative(5,25) _bent() -> Number(0.0)
[2m2026-06-12T18:02:17.650109Z[0m [32m INFO[0m [2mchumby_host[0m[2m:[0m ASnative(5,25) _bent() -> Number(0.0)
[2m2026-06-12T18:02:17.731548Z[0m [32m INFO[0m [2mchumby_host[0m[2m:[0m ASnative(5,25) _bent() -> Number(0.0)
[2m2026-06-12T18:02:17.814408Z[0m [32m INFO[0m [2mchumby_host[0m[2m:[0m ASnative(5,25) _bent() -> Number(0.0)
[2m2026-06-12T18:02:17.897728Z[0m [32m INFO[0m [2mchumby_host[0m[2m:[0m ASnative(5,25) _bent() -> Number(0.0)
[2m2026-06-12T18:02:17.984036Z[0m [32m INFO[0m [2mchumby_host[0m[2m:[0m ASnative(5,25) _bent() -> Number(0.0)
[2m2026-06-12T18:02:18.065643Z[0m [32m INFO[0m [2mchumby_host[0m[2m:[0m ASnative(5,25) _bent() -> Number(0.0)
[2m2026-06-12T18:02:18.147856Z[0m [32m INFO[0m [2mchumby_host[0m[2m:[0m ASnative(5,25) _bent() -> Number(0.0)
[2m2026-06-12T18:02:18.234785Z[0m [32m INFO[0m [2mchumby_host[0m[2m:[0m ASnative(5,25) _bent() -> Number(0.0)
[2m2026-06-12T18:02:18.315720Z[0m [32m INFO[0m [2mchumby_host[0m[2m:[0m ASnative(5,25) _bent() -> Number(0.0)
[2m2026-06-12T18:02:18.398278Z[0m [32m INFO[0m [2mchumby_host[0m[2m:[0m ASnative(5,25) _bent() -> Number(0.0)
[2m2026-06-12T18:02:18.482855Z[0m [32m INFO[0m [2mchumby_host[0m[2m:[0m ASnative(5,25) _bent() -> Number(0.0)
[2m2026-06-12T18:02:18.564477Z[0m [32m INFO[0m [2mchumby_host[0m[2m:[0m ASnative(5,25) _bent() -> Number(0.0)
[2m2026-06-12T18:02:18.647816Z[0m [32m INFO[0m [2mchumby_host[0m[2m:[0m ASnative(5,25) _bent() -> Number(0.0)
[2m2026-06-12T18:02:18.731309Z[0m [32m INFO[0m [2mchumby_host[0m[2m:[0m ASnative(5,25) _bent() -> Number(0.0)
[2m2026-06-12T18:02:18.814570Z[0m [32m INFO[0m [2mchumby_host[0m[2m:[0m ASnative(5,25) _bent() -> Number(0.0)
[2m2026-06-12T18:02:18.898068Z[0m [32m INFO[0m [2mchumby_host[0m[2m:[0m ASnative(5,25) _bent() -> Number(0.0)
[2m2026-06-12T18:02:18.982238Z[0m [32m INFO[0m [2mchumby_host[0m[2m:[0m ASnative(5,25) _bent() -> Number(0.0)
[2m2026-06-12T18:02:19.064633Z[0m [32m INFO[0m [2mchumby_host[0m[2m:[0m ASnative(5,25) _bent() -> Number(0.0)
[2m2026-06-12T18:02:19.148955Z[0m [32m INFO[0m [2mchumby_host[0m[2m:[0m ASnative(5,25) _bent() -> Number(0.0)
[2m2026-06-12T18:02:19.231198Z[0m [32m INFO[0m [2mchumby_host[0m[2m:[0m ASnative(5,25) _bent() -> Number(0.0)
[2m2026-06-12T18:02:19.314559Z[0m [32m INFO[0m [2mchumby_host[0m[2m:[0m ASnative(5,25) _bent() -> Number(0.0)
[2m2026-06-12T18:02:19.397731Z[0m [32m INFO[0m [2mchumby_host[0m[2m:[0m ASnative(5,25) _bent() -> Number(0.0)
[2m2026-06-12T18:02:19.482259Z[0m [32m INFO[0m [2mchumby_host[0m[2m:[0m ASnative(5,25) _bent() -> Number(0.0)
[2m2026-06-12T18:02:19.565643Z[0m [32m INFO[0m [2mchumby_host[0m[2m:[0m ASnative(5,25) _bent() -> Number(0.0)
[2m2026-06-12T18:02:19.649409Z[0m [32m INFO[0m [2mchumby_host[0m[2m:[0m ASnative(5,25) _bent() -> Number(0.0)
[2m2026-06-12T18:02:19.731187Z[0m [32m INFO[0m [2mchumby_host[0m[2m:[0m ASnative(5,25) _bent() -> Number(0.0)
[2m2026-06-12T18:02:19.814658Z[0m [32m INFO[0m [2mchumby_host[0m[2m:[0m ASnative(5,25) _bent() -> Number(0.0)
[2m2026-06-12T18:02:19.897939Z[0m [32m INFO[0m [2mchumby_host[0m[2m:[0m ASnative(5,25) _bent() -> Number(0.0)
[2m2026-06-12T18:02:19.982402Z[0m [32m INFO[0m [2mchumby_host[0m[2m:[0m ASnative(5,25) _bent() -> Number(0.0)
[2m2026-06-12T18:02:20.065709Z[0m [32m INFO[0m [2mchumby_host[0m[2m:[0m ASnative(5,25) _bent() -> Number(0.0)
[2m2026-06-12T18:02:20.149112Z[0m [32m INFO[0m [2mchumby_host[0m[2m:[0m ASnative(5,25) _bent() -> Number(0.0)
[2m2026-06-12T18:02:20.232089Z[0m [32m INFO[0m [2mchumby_host[0m[2m:[0m ASnative(5,25) _bent() -> Number(0.0)
[2m2026-06-12T18:02:20.314537Z[0m [32m INFO[0m [2mchumby_host[0m[2m:[0m ASnative(5,25) _bent() -> Number(0.0)
[2m2026-06-12T18:02:20.398247Z[0m [32m INFO[0m [2mchumby_host[0m[2m:[0m ASnative(5,25) _bent() -> Number(0.0)
[2m2026-06-12T18:02:20.482115Z[0m [32m INFO[0m [2mchumby_host[0m[2m:[0m ASnative(5,25) _bent() -> Number(0.0)
[2m2026-06-12T18:02:20.565866Z[0m [32m INFO[0m [2mchumby_host[0m[2m:[0m ASnative(5,25) _bent() -> Number(0.0)
[2m2026-06-12T18:02:20.648872Z[0m [32m INFO[0m [2mchumby_host[0m[2m:[0m ASnative(5,25) _bent() -> Number(0.0)
[2m2026-06-12T18:02:20.731172Z[0m [32m INFO[0m [2mchumby_host[0m[2m:[0m ASnative(5,25) _bent() -> Number(0.0)
[2m2026-06-12T18:02:20.814535Z[0m [32m INFO[0m [2mchumby_host[0m[2m:[0m ASnative(5,25) _bent() -> Number(0.0)
[2m2026-06-12T18:02:20.898200Z[0m [32m INFO[0m [2mchumby_host[0m[2m:[0m ASnative(5,25) _bent() -> Number(0.0)
[2m2026-06-12T18:02:20.982238Z[0m [32m INFO[0m [2mchumby_host[0m[2m:[0m ASnative(5,25) _bent() -> Number(0.0)
[2m2026-06-12T18:02:21.064633Z[0m [32m INFO[0m [2mchumby_host[0m[2m:[0m ASnative(5,25) _bent() -> Number(0.0)
[2m2026-06-12T18:02:21.148978Z[0m [32m INFO[0m [2mchumby_host[0m[2m:[0m ASnative(5,25) _bent() -> Number(0.0)
[2m2026-06-12T18:02:21.232348Z[0m [32m INFO[0m [2mchumby_host[0m[2m:[0m ASnative(5,25) _bent() -> Number(0.0)
[2m2026-06-12T18:02:21.314751Z[0m [32m INFO[0m [2mchumby_host[0m[2m:[0m ASnative(5,25) _bent() -> Number(0.0)
[2m2026-06-12T18:02:21.397909Z[0m [32m INFO[0m [2mchumby_host[0m[2m:[0m ASnative(5,25) _bent() -> Number(0.0)
[2m2026-06-12T18:02:21.482610Z[0m [32m INFO[0m [2mchumby_host[0m[2m:[0m ASnative(5,25) _bent() -> Number(0.0)
[2m2026-06-12T18:02:21.564506Z[0m [32m INFO[0m [2mchumby_host[0m[2m:[0m ASnative(5,25) _bent() -> Number(0.0)
[2m2026-06-12T18:02:21.648452Z[0m [32m INFO[0m [2mchumby_host[0m[2m:[0m ASnative(5,25) _bent() -> Number(0.0)
[2m2026-06-12T18:02:21.732279Z[0m [32m INFO[0m [2mchumby_host[0m[2m:[0m ASnative(5,25) _bent() -> Number(0.0)
[2m2026-06-12T18:02:21.814426Z[0m [32m INFO[0m [2mchumby_host[0m[2m:[0m ASnative(5,25) _bent() -> Number(0.0)
[2m2026-06-12T18:02:21.898855Z[0m [32m INFO[0m [2mchumby_host[0m[2m:[0m ASnative(5,25) _bent() -> Number(0.0)
[2m2026-06-12T18:02:21.981153Z[0m [32m INFO[0m [2mchumby_host[0m[2m:[0m ASnative(5,25) _bent() -> Number(0.0)
[2m2026-06-12T18:02:22.065499Z[0m [32m INFO[0m [2mchumby_host[0m[2m:[0m ASnative(5,25) _bent() -> Number(0.0)
[2m2026-06-12T18:02:22.147809Z[0m [32m INFO[0m [2mchumby_host[0m[2m:[0m ASnative(5,25) _bent() -> Number(0.0)
[2m2026-06-12T18:02:22.231142Z[0m [32m INFO[0m [2mchumby_host[0m[2m:[0m ASnative(5,25) _bent() -> Number(0.0)
[2m2026-06-12T18:02:22.314483Z[0m [32m INFO[0m [2mchumby_host[0m[2m:[0m ASnative(5,25) _bent() -> Number(0.0)
[2m2026-06-12T18:02:22.398840Z[0m [32m INFO[0m [2mchumby_host[0m[2m:[0m ASnative(5,25) _bent() -> Number(0.0)
[2m2026-06-12T18:02:22.482928Z[0m [32m INFO[0m [2mchumby_host[0m[2m:[0m ASnative(5,25) _bent() -> Number(0.0)
[2m2026-06-12T18:02:22.565569Z[0m [32m INFO[0m [2mchumby_host[0m[2m:[0m ASnative(5,25) _bent() -> Number(0.0)
[2m2026-06-12T18:02:22.649269Z[0m [32m INFO[0m [2mchumby_host[0m[2m:[0m ASnative(5,25) _bent() -> Number(0.0)
[2m2026-06-12T18:02:22.732194Z[0m [32m INFO[0m [2mchumby_host[0m[2m:[0m ASnative(5,25) _bent() -> Number(0.0)
[2m2026-06-12T18:02:22.814433Z[0m [32m INFO[0m [2mchumby_host[0m[2m:[0m ASnative(5,25) _bent() -> Number(0.0)
[2m2026-06-12T18:02:22.898783Z[0m [32m INFO[0m [2mchumby_host[0m[2m:[0m ASnative(5,25) _bent() -> Number(0.0)
[2m2026-06-12T18:02:22.981368Z[0m [32m INFO[0m [2mchumby_host[0m[2m:[0m ASnative(5,25) _bent() -> Number(0.0)
[2m2026-06-12T18:02:23.075120Z[0m [32m INFO[0m [2mchumby_host[0m[2m:[0m ASnative(5,25) _bent() -> Number(0.0)
[2m2026-06-12T18:02:23.159023Z[0m [32m INFO[0m [2mchumby_host[0m[2m:[0m ASnative(5,25) _bent() -> Number(0.0)
[2m2026-06-12T18:02:23.232216Z[0m [32m INFO[0m [2mchumby_host[0m[2m:[0m ASnative(5,25) _bent() -> Number(0.0)
[2m2026-06-12T18:02:23.315794Z[0m [32m INFO[0m [2mchumby_host[0m[2m:[0m ASnative(5,25) _bent() -> Number(0.0)
[2m2026-06-12T18:02:23.410214Z[0m [32m INFO[0m [2mchumby_host[0m[2m:[0m ASnative(5,25) _bent() -> Number(0.0)
[2m2026-06-12T18:02:23.481289Z[0m [32m INFO[0m [2mchumby_host[0m[2m:[0m ASnative(5,25) _bent() -> Number(0.0)
[2m2026-06-12T18:02:23.565593Z[0m [32m INFO[0m [2mchumby_host[0m[2m:[0m ASnative(5,25) _bent() -> Number(0.0)
[2m2026-06-12T18:02:23.647303Z[0m [32m INFO[0m [2mavm_trace[0m[2m:[0m (AlarmSet heartbeat): skipNextAlarm:false
[2m2026-06-12T18:02:23.648042Z[0m [32m INFO[0m [2mchumby_host[0m[2m:[0m ASnative(5,25) _bent() -> Number(0.0)
[2m2026-06-12T18:02:23.741866Z[0m [32m INFO[0m [2mavm_trace[0m[2m:[0m (Master heartbeat)
[2m2026-06-12T18:02:23.742369Z[0m [32m INFO[0m [2mchumby_host[0m[2m:[0m ASnative(5,51) _putFile("/tmp/movieheartbeat", "1\n") -> Undefined
[2m2026-06-12T18:02:23.742949Z[0m [32m INFO[0m [2mchumby_host[0m[2m:[0m ASnative(5,25) _bent() -> Number(0.0)
[2m2026-06-12T18:02:23.823573Z[0m [32m INFO[0m [2mchumby_host[0m[2m:[0m ASnative(5,25) _bent() -> Number(0.0)
[2m2026-06-12T18:02:23.898929Z[0m [32m INFO[0m [2mchumby_host[0m[2m:[0m ASnative(5,25) _bent() -> Number(0.0)
[2m2026-06-12T18:02:23.981155Z[0m [32m INFO[0m [2mchumby_host[0m[2m:[0m ASnative(5,25) _bent() -> Number(0.0)
[2m2026-06-12T18:02:24.064627Z[0m [32m INFO[0m [2mchumby_host[0m[2m:[0m ASnative(5,25) _bent() -> Number(0.0)
[2m2026-06-12T18:02:24.147844Z[0m [32m INFO[0m [2mchumby_host[0m[2m:[0m ASnative(5,25) _bent() -> Number(0.0)
[2m2026-06-12T18:02:24.231004Z[0m [32m INFO[0m [2mchumby_host[0m[2m:[0m ASnative(5,25) _bent() -> Number(0.0)
[2m2026-06-12T18:02:24.314749Z[0m [32m INFO[0m [2mchumby_host[0m[2m:[0m ASnative(5,25) _bent() -> Number(0.0)
[2m2026-06-12T18:02:24.399039Z[0m [32m INFO[0m [2mchumby_host[0m[2m:[0m ASnative(5,25) _bent() -> Number(0.0)
[2m2026-06-12T18:02:24.482167Z[0m [32m INFO[0m [2mchumby_host[0m[2m:[0m ASnative(5,25) _bent() -> Number(0.0)
[2m2026-06-12T18:02:24.565800Z[0m [32m INFO[0m [2mchumby_host[0m[2m:[0m ASnative(5,25) _bent() -> Number(0.0)
[2m2026-06-12T18:02:24.648936Z[0m [32m INFO[0m [2mchumby_host[0m[2m:[0m ASnative(5,25) _bent() -> Number(0.0)
[2m2026-06-12T18:02:24.731280Z[0m [32m INFO[0m [2mchumby_host[0m[2m:[0m ASnative(5,25) _bent() -> Number(0.0)
[2m2026-06-12T18:02:24.815690Z[0m [32m INFO[0m [2mchumby_host[0m[2m:[0m ASnative(5,25) _bent() -> Number(0.0)
[2m2026-06-12T18:02:24.899128Z[0m [32m INFO[0m [2mchumby_host[0m[2m:[0m ASnative(5,25) _bent() -> Number(0.0)
[2m2026-06-12T18:02:24.982235Z[0m [32m INFO[0m [2mchumby_host[0m[2m:[0m ASnative(5,25) _bent() -> Number(0.0)
[2m2026-06-12T18:02:25.069421Z[0m [32m INFO[0m [2mchumby_host[0m[2m:[0m ASnative(5,25) _bent() -> Number(0.0)
[2m2026-06-12T18:02:25.155138Z[0m [32m INFO[0m [2mchumby_host[0m[2m:[0m ASnative(5,25) _bent() -> Number(0.0)
[2m2026-06-12T18:02:25.231140Z[0m [32m INFO[0m [2mchumby_host[0m[2m:[0m ASnative(5,25) _bent() -> Number(0.0)
[2m2026-06-12T18:02:25.315586Z[0m [32m INFO[0m [2mchumby_host[0m[2m:[0m ASnative(5,25) _bent() -> Number(0.0)
[2m2026-06-12T18:02:25.397706Z[0m [32m INFO[0m [2mchumby_host[0m[2m:[0m ASnative(5,25) _bent() -> Number(0.0)
[2m2026-06-12T18:02:25.482467Z[0m [32m INFO[0m [2mchumby_host[0m[2m:[0m ASnative(5,25) _bent() -> Number(0.0)
[2m2026-06-12T18:02:25.565399Z[0m [32m INFO[0m [2mchumby_host[0m[2m:[0m ASnative(5,25) _bent() -> Number(0.0)
[2m2026-06-12T18:02:25.648103Z[0m [32m INFO[0m [2mchumby_host[0m[2m:[0m ASnative(5,25) _bent() -> Number(0.0)
[2m2026-06-12T18:02:25.732309Z[0m [32m INFO[0m [2mchumby_host[0m[2m:[0m ASnative(5,25) _bent() -> Number(0.0)
[2m2026-06-12T18:02:25.815024Z[0m [32m INFO[0m [2mchumby_host[0m[2m:[0m ASnative(5,25) _bent() -> Number(0.0)
[2m2026-06-12T18:02:25.897880Z[0m [32m INFO[0m [2mchumby_host[0m[2m:[0m ASnative(5,25) _bent() -> Number(0.0)
[2m2026-06-12T18:02:25.982165Z[0m [32m INFO[0m [2mchumby_host[0m[2m:[0m ASnative(5,25) _bent() -> Number(0.0)
[2m2026-06-12T18:02:26.065844Z[0m [32m INFO[0m [2mchumby_host[0m[2m:[0m ASnative(5,25) _bent() -> Number(0.0)
[2m2026-06-12T18:02:26.148438Z[0m [32m INFO[0m [2mchumby_host[0m[2m:[0m ASnative(5,25) _bent() -> Number(0.0)
[2m2026-06-12T18:02:26.232469Z[0m [32m INFO[0m [2mchumby_host[0m[2m:[0m ASnative(5,25) _bent() -> Number(0.0)
[2m2026-06-12T18:02:26.314702Z[0m [32m INFO[0m [2mchumby_host[0m[2m:[0m ASnative(5,25) _bent() -> Number(0.0)
[2m2026-06-12T18:02:26.399027Z[0m [32m INFO[0m [2mchumby_host[0m[2m:[0m ASnative(5,25) _bent() -> Number(0.0)
[2m2026-06-12T18:02:26.481629Z[0m [32m INFO[0m [2mchumby_host[0m[2m:[0m ASnative(5,25) _bent() -> Number(0.0)
[2m2026-06-12T18:02:26.565708Z[0m [32m INFO[0m [2mchumby_host[0m[2m:[0m ASnative(5,25) _bent() -> Number(0.0)
[2m2026-06-12T18:02:26.649806Z[0m [32m INFO[0m [2mchumby_host[0m[2m:[0m ASnative(5,25) _bent() -> Number(0.0)
[2m2026-06-12T18:02:26.731342Z[0m [32m INFO[0m [2mchumby_host[0m[2m:[0m ASnative(5,25) _bent() -> Number(0.0)
[2m2026-06-12T18:02:26.815678Z[0m [32m INFO[0m [2mchumby_host[0m[2m:[0m ASnative(5,25) _bent() -> Number(0.0)
[2m2026-06-12T18:02:26.898330Z[0m [32m INFO[0m [2mchumby_host[0m[2m:[0m ASnative(5,25) _bent() -> Number(0.0)
[2m2026-06-12T18:02:26.982389Z[0m [32m INFO[0m [2mchumby_host[0m[2m:[0m ASnative(5,25) _bent() -> Number(0.0)
[2m2026-06-12T18:02:27.065857Z[0m [32m INFO[0m [2mchumby_host[0m[2m:[0m ASnative(5,25) _bent() -> Number(0.0)
[2m2026-06-12T18:02:27.148482Z[0m [32m INFO[0m [2mchumby_host[0m[2m:[0m ASnative(5,25) _bent() -> Number(0.0)
[2m2026-06-12T18:02:27.232361Z[0m [32m INFO[0m [2mchumby_host[0m[2m:[0m ASnative(5,25) _bent() -> Number(0.0)
[2m2026-06-12T18:02:27.315351Z[0m [32m INFO[0m [2mchumby_host[0m[2m:[0m ASnative(5,25) _bent() -> Number(0.0)
[2m2026-06-12T18:02:27.397986Z[0m [32m INFO[0m [2mchumby_host[0m[2m:[0m ASnative(5,25) _bent() -> Number(0.0)
[2m2026-06-12T18:02:27.481227Z[0m [32m INFO[0m [2mchumby_host[0m[2m:[0m ASnative(5,25) _bent() -> Number(0.0)
[2m2026-06-12T18:02:27.565674Z[0m [32m INFO[0m [2mchumby_host[0m[2m:[0m ASnative(5,25) _bent() -> Number(0.0)
[2m2026-06-12T18:02:27.647850Z[0m [32m INFO[0m [2mchumby_host[0m[2m:[0m ASnative(5,25) _bent() -> Number(0.0)
[2m2026-06-12T18:02:27.731161Z[0m [32m INFO[0m [2mchumby_host[0m[2m:[0m ASnative(5,25) _bent() -> Number(0.0)
[2m2026-06-12T18:02:27.815619Z[0m [32m INFO[0m [2mchumby_host[0m[2m:[0m ASnative(5,25) _bent() -> Number(0.0)
[2m2026-06-12T18:02:27.898963Z[0m [32m INFO[0m [2mchumby_host[0m[2m:[0m ASnative(5,25) _bent() -> Number(0.0)
[2m2026-06-12T18:02:27.981188Z[0m [32m INFO[0m [2mchumby_host[0m[2m:[0m ASnative(5,25) _bent() -> Number(0.0)
[2m2026-06-12T18:02:28.064910Z[0m [32m INFO[0m [2mchumby_host[0m[2m:[0m ASnative(5,25) _bent() -> Number(0.0)
[2m2026-06-12T18:02:28.147844Z[0m [32m INFO[0m [2mchumby_host[0m[2m:[0m ASnative(5,25) _bent() -> Number(0.0)
[2m2026-06-12T18:02:28.232307Z[0m [32m INFO[0m [2mchumby_host[0m[2m:[0m ASnative(5,25) _bent() -> Number(0.0)
[2m2026-06-12T18:02:28.315804Z[0m [32m INFO[0m [2mchumby_host[0m[2m:[0m ASnative(5,25) _bent() -> Number(0.0)
[2m2026-06-12T18:02:28.398445Z[0m [32m INFO[0m [2mchumby_host[0m[2m:[0m ASnative(5,25) _bent() -> Number(0.0)
[2m2026-06-12T18:02:28.481287Z[0m [32m INFO[0m [2mchumby_host[0m[2m:[0m ASnative(5,25) _bent() -> Number(0.0)
[2m2026-06-12T18:02:28.564696Z[0m [32m INFO[0m [2mchumby_host[0m[2m:[0m ASnative(5,25) _bent() -> Number(0.0)
[2m2026-06-12T18:02:28.647800Z[0m [32m INFO[0m [2mchumby_host[0m[2m:[0m ASnative(5,25) _bent() -> Number(0.0)
[2m2026-06-12T18:02:28.732476Z[0m [32m INFO[0m [2mchumby_host[0m[2m:[0m ASnative(5,25) _bent() -> Number(0.0)
[2m2026-06-12T18:02:28.815821Z[0m [32m INFO[0m [2mchumby_host[0m[2m:[0m ASnative(5,25) _bent() -> Number(0.0)
[2m2026-06-12T18:02:28.899669Z[0m [32m INFO[0m [2mchumby_host[0m[2m:[0m ASnative(5,25) _bent() -> Number(0.0)
[2m2026-06-12T18:02:28.981287Z[0m [32m INFO[0m [2mchumby_host[0m[2m:[0m ASnative(5,25) _bent() -> Number(0.0)
[2m2026-06-12T18:02:29.065599Z[0m [32m INFO[0m [2mchumby_host[0m[2m:[0m ASnative(5,25) _bent() -> Number(0.0)
[2m2026-06-12T18:02:29.152537Z[0m [32m INFO[0m [2mchumby_host[0m[2m:[0m ASnative(5,25) _bent() -> Number(0.0)
[2m2026-06-12T18:02:29.237228Z[0m [32m INFO[0m [2mchumby_host[0m[2m:[0m ASnative(5,25) _bent() -> Number(0.0)
[2m2026-06-12T18:02:29.314573Z[0m [32m INFO[0m [2mchumby_host[0m[2m:[0m ASnative(5,25) _bent() -> Number(0.0)
[2m2026-06-12T18:02:29.398348Z[0m [32m INFO[0m [2mchumby_host[0m[2m:[0m ASnative(5,25) _bent() -> Number(0.0)
[2m2026-06-12T18:02:29.481298Z[0m [32m INFO[0m [2mchumby_host[0m[2m:[0m ASnative(5,25) _bent() -> Number(0.0)
[2m2026-06-12T18:02:29.565784Z[0m [32m INFO[0m [2mchumby_host[0m[2m:[0m ASnative(5,25) _bent() -> Number(0.0)
[2m2026-06-12T18:02:29.649220Z[0m [32m INFO[0m [2mchumby_host[0m[2m:[0m ASnative(5,25) _bent() -> Number(0.0)
[2m2026-06-12T18:02:29.731341Z[0m [32m INFO[0m [2mchumby_host[0m[2m:[0m ASnative(5,25) _bent() -> Number(0.0)
[2m2026-06-12T18:02:29.815960Z[0m [32m INFO[0m [2mchumby_host[0m[2m:[0m ASnative(5,25) _bent() -> Number(0.0)
[2m2026-06-12T18:02:29.899158Z[0m [32m INFO[0m [2mchumby_host[0m[2m:[0m ASnative(5,25) _bent() -> Number(0.0)
[2m2026-06-12T18:02:29.982470Z[0m [32m INFO[0m [2mchumby_host[0m[2m:[0m ASnative(5,25) _bent() -> Number(0.0)
[2m2026-06-12T18:02:30.064717Z[0m [32m INFO[0m [2mchumby_host[0m[2m:[0m ASnative(5,25) _bent() -> Number(0.0)
[2m2026-06-12T18:02:30.147719Z[0m [32m INFO[0m [2mchumby_host[0m[2m:[0m ASnative(5,25) _bent() -> Number(0.0)
[2m2026-06-12T18:02:30.231208Z[0m [32m INFO[0m [2mchumby_host[0m[2m:[0m ASnative(5,25) _bent() -> Number(0.0)
[2m2026-06-12T18:02:30.315249Z[0m [32m INFO[0m [2mchumby_host[0m[2m:[0m ASnative(5,25) _bent() -> Number(0.0)
[2m2026-06-12T18:02:30.397982Z[0m [32m INFO[0m [2mchumby_host[0m[2m:[0m ASnative(5,25) _bent() -> Number(0.0)
[2m2026-06-12T18:02:30.482437Z[0m [32m INFO[0m [2mchumby_host[0m[2m:[0m ASnative(5,25) _bent() -> Number(0.0)
[2m2026-06-12T18:02:30.564642Z[0m [32m INFO[0m [2mchumby_host[0m[2m:[0m ASnative(5,25) _bent() -> Number(0.0)
[2m2026-06-12T18:02:30.647851Z[0m [32m INFO[0m [2mchumby_host[0m[2m:[0m ASnative(5,25) _bent() -> Number(0.0)
[2m2026-06-12T18:02:30.732324Z[0m [32m INFO[0m [2mchumby_host[0m[2m:[0m ASnative(5,25) _bent() -> Number(0.0)
[2m2026-06-12T18:02:30.814539Z[0m [32m INFO[0m [2mchumby_host[0m[2m:[0m ASnative(5,25) _bent() -> Number(0.0)
[2m2026-06-12T18:02:30.899029Z[0m [32m INFO[0m [2mchumby_host[0m[2m:[0m ASnative(5,25) _bent() -> Number(0.0)
[2m2026-06-12T18:02:30.982383Z[0m [32m INFO[0m [2mchumby_host[0m[2m:[0m ASnative(5,25) _bent() -> Number(0.0)
[2m2026-06-12T18:02:31.065697Z[0m [32m INFO[0m [2mchumby_host[0m[2m:[0m ASnative(5,25) _bent() -> Number(0.0)
[2m2026-06-12T18:02:31.148322Z[0m [32m INFO[0m [2mchumby_host[0m[2m:[0m ASnative(5,25) _bent() -> Number(0.0)
[2m2026-06-12T18:02:31.231461Z[0m [32m INFO[0m [2mchumby_host[0m[2m:[0m ASnative(5,25) _bent() -> Number(0.0)
[2m2026-06-12T18:02:31.315658Z[0m [32m INFO[0m [2mchumby_host[0m[2m:[0m ASnative(5,25) _bent() -> Number(0.0)
[2m2026-06-12T18:02:31.397865Z[0m [32m INFO[0m [2mchumby_host[0m[2m:[0m ASnative(5,25) _bent() -> Number(0.0)
[2m2026-06-12T18:02:31.482291Z[0m [32m INFO[0m [2mchumby_host[0m[2m:[0m ASnative(5,25) _bent() -> Number(0.0)
[2m2026-06-12T18:02:31.565307Z[0m [32m INFO[0m [2mchumby_host[0m[2m:[0m ASnative(5,25) _bent() -> Number(0.0)
[2m2026-06-12T18:02:31.648572Z[0m [32m INFO[0m [2mchumby_host[0m[2m:[0m ASnative(5,25) _bent() -> Number(0.0)
[2m2026-06-12T18:02:31.732342Z[0m [32m INFO[0m [2mchumby_host[0m[2m:[0m ASnative(5,25) _bent() -> Number(0.0)
[2m2026-06-12T18:02:31.814516Z[0m [32m INFO[0m [2mchumby_host[0m[2m:[0m ASnative(5,25) _bent() -> Number(0.0)
[2m2026-06-12T18:02:31.898196Z[0m [32m INFO[0m [2mchumby_host[0m[2m:[0m ASnative(5,25) _bent() -> Number(0.0)
[2m2026-06-12T18:02:31.981148Z[0m [32m INFO[0m [2mchumby_host[0m[2m:[0m ASnative(5,25) _bent() -> Number(0.0)
[2m2026-06-12T18:02:32.064618Z[0m [32m INFO[0m [2mchumby_host[0m[2m:[0m ASnative(5,25) _bent() -> Number(0.0)
[2m2026-06-12T18:02:32.149086Z[0m [32m INFO[0m [2mchumby_host[0m[2m:[0m ASnative(5,25) _bent() -> Number(0.0)
[2m2026-06-12T18:02:32.231471Z[0m [32m INFO[0m [2mchumby_host[0m[2m:[0m ASnative(5,25) _bent() -> Number(0.0)
[2m2026-06-12T18:02:32.315564Z[0m [32m INFO[0m [2mchumby_host[0m[2m:[0m ASnative(5,25) _bent() -> Number(0.0)
[2m2026-06-12T18:02:32.397908Z[0m [32m INFO[0m [2mchumby_host[0m[2m:[0m ASnative(5,25) _bent() -> Number(0.0)
[2m2026-06-12T18:02:32.482411Z[0m [32m INFO[0m [2mchumby_host[0m[2m:[0m ASnative(5,25) _bent() -> Number(0.0)
[2m2026-06-12T18:02:32.564621Z[0m [32m INFO[0m [2mchumby_host[0m[2m:[0m ASnative(5,25) _bent() -> Number(0.0)
[2m2026-06-12T18:02:32.648951Z[0m [32m INFO[0m [2mchumby_host[0m[2m:[0m ASnative(5,25) _bent() -> Number(0.0)
[2m2026-06-12T18:02:32.732313Z[0m [32m INFO[0m [2mchumby_host[0m[2m:[0m ASnative(5,25) _bent() -> Number(0.0)
[2m2026-06-12T18:02:32.815298Z[0m [32m INFO[0m [2mchumby_host[0m[2m:[0m ASnative(5,25) _bent() -> Number(0.0)
[2m2026-06-12T18:02:32.899017Z[0m [32m INFO[0m [2mchumby_host[0m[2m:[0m ASnative(5,25) _bent() -> Number(0.0)
[2m2026-06-12T18:02:32.983020Z[0m [32m INFO[0m [2mchumby_host[0m[2m:[0m ASnative(5,25) _bent() -> Number(0.0)
[2m2026-06-12T18:02:33.064567Z[0m [32m INFO[0m [2mchumby_host[0m[2m:[0m ASnative(5,25) _bent() -> Number(0.0)
[2m2026-06-12T18:02:33.147792Z[0m [32m INFO[0m [2mchumby_host[0m[2m:[0m ASnative(5,25) _bent() -> Number(0.0)
[2m2026-06-12T18:02:33.232497Z[0m [32m INFO[0m [2mchumby_host[0m[2m:[0m ASnative(5,25) _bent() -> Number(0.0)
[2m2026-06-12T18:02:33.315606Z[0m [32m INFO[0m [2mchumby_host[0m[2m:[0m ASnative(5,25) _bent() -> Number(0.0)
[2m2026-06-12T18:02:33.399157Z[0m [32m INFO[0m [2mchumby_host[0m[2m:[0m ASnative(5,25) _bent() -> Number(0.0)
[2m2026-06-12T18:02:33.482523Z[0m [32m INFO[0m [2mchumby_host[0m[2m:[0m ASnative(5,25) _bent() -> Number(0.0)
[2m2026-06-12T18:02:33.565745Z[0m [32m INFO[0m [2mchumby_host[0m[2m:[0m ASnative(5,25) _bent() -> Number(0.0)
[2m2026-06-12T18:02:33.647847Z[0m [32m INFO[0m [2mchumby_host[0m[2m:[0m ASnative(5,25) _bent() -> Number(0.0)
[2m2026-06-12T18:02:33.732226Z[0m [32m INFO[0m [2mchumby_host[0m[2m:[0m ASnative(5,25) _bent() -> Number(0.0)
[2m2026-06-12T18:02:33.814662Z[0m [32m INFO[0m [2mchumby_host[0m[2m:[0m ASnative(5,25) _bent() -> Number(0.0)
[2m2026-06-12T18:02:33.898679Z[0m [32m INFO[0m [2mchumby_host[0m[2m:[0m ASnative(5,25) _bent() -> Number(0.0)
[2m2026-06-12T18:02:33.981199Z[0m [32m INFO[0m [2mchumby_host[0m[2m:[0m ASnative(5,25) _bent() -> Number(0.0)
[2m2026-06-12T18:02:34.065813Z[0m [32m INFO[0m [2mchumby_host[0m[2m:[0m ASnative(5,25) _bent() -> Number(0.0)
[2m2026-06-12T18:02:34.148024Z[0m [32m INFO[0m [2mchumby_host[0m[2m:[0m ASnative(5,25) _bent() -> Number(0.0)
[2m2026-06-12T18:02:34.232679Z[0m [32m INFO[0m [2mchumby_host[0m[2m:[0m ASnative(5,25) _bent() -> Number(0.0)
[2m2026-06-12T18:02:34.314614Z[0m [32m INFO[0m [2mchumby_host[0m[2m:[0m ASnative(5,25) _bent() -> Number(0.0)
[2m2026-06-12T18:02:34.398971Z[0m [32m INFO[0m [2mchumby_host[0m[2m:[0m ASnative(5,25) _bent() -> Number(0.0)
[2m2026-06-12T18:02:34.481434Z[0m [32m INFO[0m [2mchumby_host[0m[2m:[0m ASnative(5,25) _bent() -> Number(0.0)
[2m2026-06-12T18:02:34.565776Z[0m [32m INFO[0m [2mchumby_host[0m[2m:[0m ASnative(5,25) _bent() -> Number(0.0)
[2m2026-06-12T18:02:34.647829Z[0m [32m INFO[0m [2mchumby_host[0m[2m:[0m ASnative(5,25) _bent() -> Number(0.0)
[2m2026-06-12T18:02:34.732443Z[0m [32m INFO[0m [2mchumby_host[0m[2m:[0m ASnative(5,25) _bent() -> Number(0.0)
[2m2026-06-12T18:02:34.814894Z[0m [32m INFO[0m [2mchumby_host[0m[2m:[0m ASnative(5,25) _bent() -> Number(0.0)
[2m2026-06-12T18:02:34.898969Z[0m [32m INFO[0m [2mchumby_host[0m[2m:[0m ASnative(5,25) _bent() -> Number(0.0)
[2m2026-06-12T18:02:34.981345Z[0m [32m INFO[0m [2mchumby_host[0m[2m:[0m ASnative(5,25) _bent() -> Number(0.0)
[2m2026-06-12T18:02:35.065012Z[0m [32m INFO[0m [2mchumby_host[0m[2m:[0m ASnative(5,25) _bent() -> Number(0.0)
[2m2026-06-12T18:02:35.148970Z[0m [32m INFO[0m [2mchumby_host[0m[2m:[0m ASnative(5,25) _bent() -> Number(0.0)
[2m2026-06-12T18:02:35.231451Z[0m [32m INFO[0m [2mchumby_host[0m[2m:[0m ASnative(5,25) _bent() -> Number(0.0)
[2m2026-06-12T18:02:35.314471Z[0m [32m INFO[0m [2mchumby_host[0m[2m:[0m ASnative(5,25) _bent() -> Number(0.0)
[2m2026-06-12T18:02:35.397728Z[0m [32m INFO[0m [2mchumby_host[0m[2m:[0m ASnative(5,25) _bent() -> Number(0.0)
[2m2026-06-12T18:02:35.482146Z[0m [32m INFO[0m [2mchumby_host[0m[2m:[0m ASnative(5,25) _bent() -> Number(0.0)
[2m2026-06-12T18:02:35.564592Z[0m [32m INFO[0m [2mchumby_host[0m[2m:[0m ASnative(5,25) _bent() -> Number(0.0)
[2m2026-06-12T18:02:35.649198Z[0m [32m INFO[0m [2mchumby_host[0m[2m:[0m ASnative(5,25) _bent() -> Number(0.0)
[2m2026-06-12T18:02:35.731347Z[0m [32m INFO[0m [2mchumby_host[0m[2m:[0m ASnative(5,25) _bent() -> Number(0.0)
[2m2026-06-12T18:02:35.815863Z[0m [32m INFO[0m [2mchumby_host[0m[2m:[0m ASnative(5,25) _bent() -> Number(0.0)
[2m2026-06-12T18:02:35.897939Z[0m [32m INFO[0m [2mchumby_host[0m[2m:[0m ASnative(5,25) _bent() -> Number(0.0)
[2m2026-06-12T18:02:35.981317Z[0m [32m INFO[0m [2mchumby_host[0m[2m:[0m ASnative(5,25) _bent() -> Number(0.0)
[2m2026-06-12T18:02:36.064865Z[0m [32m INFO[0m [2mchumby_host[0m[2m:[0m ASnative(5,25) _bent() -> Number(0.0)
[2m2026-06-12T18:02:36.147927Z[0m [32m INFO[0m [2mchumby_host[0m[2m:[0m ASnative(5,25) _bent() -> Number(0.0)
[2m2026-06-12T18:02:36.231205Z[0m [32m INFO[0m [2mchumby_host[0m[2m:[0m ASnative(5,25) _bent() -> Number(0.0)
[2m2026-06-12T18:02:36.314552Z[0m [32m INFO[0m [2mchumby_host[0m[2m:[0m ASnative(5,25) _bent() -> Number(0.0)
[2m2026-06-12T18:02:36.397921Z[0m [32m INFO[0m [2mchumby_host[0m[2m:[0m ASnative(5,25) _bent() -> Number(0.0)
[2m2026-06-12T18:02:36.481255Z[0m [32m INFO[0m [2mchumby_host[0m[2m:[0m ASnative(5,25) _bent() -> Number(0.0)
[2m2026-06-12T18:02:36.564685Z[0m [32m INFO[0m [2mchumby_host[0m[2m:[0m ASnative(5,25) _bent() -> Number(0.0)
[2m2026-06-12T18:02:36.647918Z[0m [32m INFO[0m [2mchumby_host[0m[2m:[0m ASnative(5,25) _bent() -> Number(0.0)
[2m2026-06-12T18:02:36.731280Z[0m [32m INFO[0m [2mchumby_host[0m[2m:[0m ASnative(5,25) _bent() -> Number(0.0)
[2m2026-06-12T18:02:36.814651Z[0m [32m INFO[0m [2mchumby_host[0m[2m:[0m ASnative(5,25) _bent() -> Number(0.0)
[2m2026-06-12T18:02:36.897746Z[0m [32m INFO[0m [2mchumby_host[0m[2m:[0m ASnative(5,25) _bent() -> Number(0.0)
[2m2026-06-12T18:02:36.981195Z[0m [32m INFO[0m [2mchumby_host[0m[2m:[0m ASnative(5,25) _bent() -> Number(0.0)
[2m2026-06-12T18:02:37.064476Z[0m [32m INFO[0m [2mchumby_host[0m[2m:[0m ASnative(5,25) _bent() -> Number(0.0)
[2m2026-06-12T18:02:37.148937Z[0m [32m INFO[0m [2mchumby_host[0m[2m:[0m ASnative(5,25) _bent() -> Number(0.0)
[2m2026-06-12T18:02:37.232450Z[0m [32m INFO[0m [2mchumby_host[0m[2m:[0m ASnative(5,25) _bent() -> Number(0.0)
[2m2026-06-12T18:02:37.315903Z[0m [32m INFO[0m [2mchumby_host[0m[2m:[0m ASnative(5,25) _bent() -> Number(0.0)
[2m2026-06-12T18:02:37.399043Z[0m [32m INFO[0m [2mchumby_host[0m[2m:[0m ASnative(5,25) _bent() -> Number(0.0)
[2m2026-06-12T18:02:37.481321Z[0m [32m INFO[0m [2mchumby_host[0m[2m:[0m ASnative(5,25) _bent() -> Number(0.0)
[2m2026-06-12T18:02:37.564524Z[0m [32m INFO[0m [2mchumby_host[0m[2m:[0m ASnative(5,25) _bent() -> Number(0.0)
[2m2026-06-12T18:02:37.648156Z[0m [32m INFO[0m [2mchumby_host[0m[2m:[0m ASnative(5,25) _bent() -> Number(0.0)
[2m2026-06-12T18:02:37.732123Z[0m [32m INFO[0m [2mchumby_host[0m[2m:[0m ASnative(5,25) _bent() -> Number(0.0)
[2m2026-06-12T18:02:37.814469Z[0m [32m INFO[0m [2mchumby_host[0m[2m:[0m ASnative(5,25) _bent() -> Number(0.0)
[2m2026-06-12T18:02:37.897940Z[0m [32m INFO[0m [2mchumby_host[0m[2m:[0m ASnative(5,25) _bent() -> Number(0.0)
[2m2026-06-12T18:02:37.981295Z[0m [32m INFO[0m [2mchumby_host[0m[2m:[0m ASnative(5,25) _bent() -> Number(0.0)
[2m2026-06-12T18:02:38.065764Z[0m [32m INFO[0m [2mchumby_host[0m[2m:[0m ASnative(5,25) _bent() -> Number(0.0)
[2m2026-06-12T18:02:38.147943Z[0m [32m INFO[0m [2mchumby_host[0m[2m:[0m ASnative(5,25) _bent() -> Number(0.0)
[2m2026-06-12T18:02:38.231290Z[0m [32m INFO[0m [2mchumby_host[0m[2m:[0m ASnative(5,25) _bent() -> Number(0.0)
[2m2026-06-12T18:02:38.314420Z[0m [32m INFO[0m [2mchumby_host[0m[2m:[0m ASnative(5,25) _bent() -> Number(0.0)
[2m2026-06-12T18:02:38.397910Z[0m [32m INFO[0m [2mchumby_host[0m[2m:[0m ASnative(5,25) _bent() -> Number(0.0)
[2m2026-06-12T18:02:38.481429Z[0m [32m INFO[0m [2mchumby_host[0m[2m:[0m ASnative(5,25) _bent() -> Number(0.0)
[2m2026-06-12T18:02:38.564706Z[0m [32m INFO[0m [2mchumby_host[0m[2m:[0m ASnative(5,25) _bent() -> Number(0.0)
[2m2026-06-12T18:02:38.647398Z[0m [32m INFO[0m [2mavm_trace[0m[2m:[0m (AlarmSet heartbeat): skipNextAlarm:false
[2m2026-06-12T18:02:38.648013Z[0m [32m INFO[0m [2mchumby_host[0m[2m:[0m ASnative(5,25) _bent() -> Number(0.0)
[2m2026-06-12T18:02:38.732420Z[0m [32m INFO[0m [2mchumby_host[0m[2m:[0m ASnative(5,25) _bent() -> Number(0.0)
[2m2026-06-12T18:02:38.814437Z[0m [32m INFO[0m [2mavm_trace[0m[2m:[0m (Master heartbeat)
[2m2026-06-12T18:02:38.814715Z[0m [32m INFO[0m [2mchumby_host[0m[2m:[0m ASnative(5,51) _putFile("/tmp/movieheartbeat", "1\n") -> Undefined
[2m2026-06-12T18:02:38.815009Z[0m [32m INFO[0m [2mchumby_host[0m[2m:[0m ASnative(5,25) _bent() -> Number(0.0)
[2m2026-06-12T18:02:38.897849Z[0m [32m INFO[0m [2mchumby_host[0m[2m:[0m ASnative(5,25) _bent() -> Number(0.0)
[2m2026-06-12T18:02:38.981162Z[0m [32m INFO[0m [2mchumby_host[0m[2m:[0m ASnative(5,25) _bent() -> Number(0.0)
[2m2026-06-12T18:02:39.064642Z[0m [32m INFO[0m [2mchumby_host[0m[2m:[0m ASnative(5,25) _bent() -> Number(0.0)
[2m2026-06-12T18:02:39.147827Z[0m [32m INFO[0m [2mchumby_host[0m[2m:[0m ASnative(5,25) _bent() -> Number(0.0)
[2m2026-06-12T18:02:39.231195Z[0m [32m INFO[0m [2mchumby_host[0m[2m:[0m ASnative(5,25) _bent() -> Number(0.0)
[2m2026-06-12T18:02:39.314579Z[0m [32m INFO[0m [2mchumby_host[0m[2m:[0m ASnative(5,25) _bent() -> Number(0.0)
[2m2026-06-12T18:02:39.398114Z[0m [32m INFO[0m [2mchumby_host[0m[2m:[0m ASnative(5,25) _bent() -> Number(0.0)
[2m2026-06-12T18:02:39.482146Z[0m [32m INFO[0m [2mchumby_host[0m[2m:[0m ASnative(5,25) _bent() -> Number(0.0)
[2m2026-06-12T18:02:39.564699Z[0m [32m INFO[0m [2mchumby_host[0m[2m:[0m ASnative(5,25) _bent() -> Number(0.0)
[2m2026-06-12T18:02:39.649014Z[0m [32m INFO[0m [2mchumby_host[0m[2m:[0m ASnative(5,25) _bent() -> Number(0.0)
[2m2026-06-12T18:02:39.731483Z[0m [32m INFO[0m [2mchumby_host[0m[2m:[0m ASnative(5,25) _bent() -> Number(0.0)
[2m2026-06-12T18:02:39.814865Z[0m [32m INFO[0m [2mchumby_host[0m[2m:[0m ASnative(5,25) _bent() -> Number(0.0)
[2m2026-06-12T18:02:39.897853Z[0m [32m INFO[0m [2mchumby_host[0m[2m:[0m ASnative(5,25) _bent() -> Number(0.0)
[2m2026-06-12T18:02:39.981273Z[0m [32m INFO[0m [2mchumby_host[0m[2m:[0m ASnative(5,25) _bent() -> Number(0.0)
[2m2026-06-12T18:02:40.065723Z[0m [32m INFO[0m [2mchumby_host[0m[2m:[0m ASnative(5,25) _bent() -> Number(0.0)
[2m2026-06-12T18:02:40.147870Z[0m [32m INFO[0m [2mchumby_host[0m[2m:[0m ASnative(5,25) _bent() -> Number(0.0)
[2m2026-06-12T18:02:40.232448Z[0m [32m INFO[0m [2mchumby_host[0m[2m:[0m ASnative(5,25) _bent() -> Number(0.0)
[2m2026-06-12T18:02:40.315343Z[0m [32m INFO[0m [2mchumby_host[0m[2m:[0m ASnative(5,25) _bent() -> Number(0.0)
[2m2026-06-12T18:02:40.399123Z[0m [32m INFO[0m [2mchumby_host[0m[2m:[0m ASnative(5,25) _bent() -> Number(0.0)
[2m2026-06-12T18:02:40.481386Z[0m [32m INFO[0m [2mchumby_host[0m[2m:[0m ASnative(5,25) _bent() -> Number(0.0)
[2m2026-06-12T18:02:40.564520Z[0m [32m INFO[0m [2mchumby_host[0m[2m:[0m ASnative(5,25) _bent() -> Number(0.0)
[2m2026-06-12T18:02:40.649411Z[0m [32m INFO[0m [2mchumby_host[0m[2m:[0m ASnative(5,25) _bent() -> Number(0.0)
[2m2026-06-12T18:02:40.731314Z[0m [32m INFO[0m [2mchumby_host[0m[2m:[0m ASnative(5,25) _bent() -> Number(0.0)
[2m2026-06-12T18:02:40.814617Z[0m [32m INFO[0m [2mchumby_host[0m[2m:[0m ASnative(5,25) _bent() -> Number(0.0)
[2m2026-06-12T18:02:40.898889Z[0m [32m INFO[0m [2mchumby_host[0m[2m:[0m ASnative(5,25) _bent() -> Number(0.0)
[2m2026-06-12T18:02:40.981288Z[0m [32m INFO[0m [2mchumby_host[0m[2m:[0m ASnative(5,25) _bent() -> Number(0.0)
[2m2026-06-12T18:02:41.064598Z[0m [32m INFO[0m [2mchumby_host[0m[2m:[0m ASnative(5,25) _bent() -> Number(0.0)
[2m2026-06-12T18:02:41.147982Z[0m [32m INFO[0m [2mchumby_host[0m[2m:[0m ASnative(5,25) _bent() -> Number(0.0)
[2m2026-06-12T18:02:41.232409Z[0m [32m INFO[0m [2mchumby_host[0m[2m:[0m ASnative(5,25) _bent() -> Number(0.0)
[2m2026-06-12T18:02:41.315589Z[0m [32m INFO[0m [2mchumby_host[0m[2m:[0m ASnative(5,25) _bent() -> Number(0.0)
[2m2026-06-12T18:02:41.398661Z[0m [32m INFO[0m [2mchumby_host[0m[2m:[0m ASnative(5,25) _bent() -> Number(0.0)
[2m2026-06-12T18:02:41.481300Z[0m [32m INFO[0m [2mchumby_host[0m[2m:[0m ASnative(5,25) _bent() -> Number(0.0)
[2m2026-06-12T18:02:41.565441Z[0m [32m INFO[0m [2mchumby_host[0m[2m:[0m ASnative(5,25) _bent() -> Number(0.0)
[2m2026-06-12T18:02:41.648017Z[0m [32m INFO[0m [2mchumby_host[0m[2m:[0m ASnative(5,25) _bent() -> Number(0.0)
[2m2026-06-12T18:02:41.731552Z[0m [32m INFO[0m [2mchumby_host[0m[2m:[0m ASnative(5,25) _bent() -> Number(0.0)
[2m2026-06-12T18:02:41.814528Z[0m [32m INFO[0m [2mchumby_host[0m[2m:[0m ASnative(5,25) _bent() -> Number(0.0)
[2m2026-06-12T18:02:41.899121Z[0m [32m INFO[0m [2mchumby_host[0m[2m:[0m ASnative(5,25) _bent() -> Number(0.0)
[2m2026-06-12T18:02:41.984371Z[0m [32m INFO[0m [2mchumby_host[0m[2m:[0m ASnative(5,25) _bent() -> Number(0.0)
[2m2026-06-12T18:02:42.065154Z[0m [32m INFO[0m [2mchumby_host[0m[2m:[0m ASnative(5,25) _bent() -> Number(0.0)
[2m2026-06-12T18:02:42.148879Z[0m [32m INFO[0m [2mchumby_host[0m[2m:[0m ASnative(5,25) _bent() -> Number(0.0)
[2m2026-06-12T18:02:42.231422Z[0m [32m INFO[0m [2mchumby_host[0m[2m:[0m ASnative(5,25) _bent() -> Number(0.0)
[2m2026-06-12T18:02:42.314401Z[0m [32m INFO[0m [2mchumby_host[0m[2m:[0m ASnative(5,25) _bent() -> Number(0.0)
[2m2026-06-12T18:02:42.397911Z[0m [32m INFO[0m [2mchumby_host[0m[2m:[0m ASnative(5,25) _bent() -> Number(0.0)
[2m2026-06-12T18:02:42.481862Z[0m [32m INFO[0m [2mchumby_host[0m[2m:[0m ASnative(5,25) _bent() -> Number(0.0)
[2m2026-06-12T18:02:42.565679Z[0m [32m INFO[0m [2mchumby_host[0m[2m:[0m ASnative(5,25) _bent() -> Number(0.0)
[2m2026-06-12T18:02:42.648991Z[0m [32m INFO[0m [2mchumby_host[0m[2m:[0m ASnative(5,25) _bent() -> Number(0.0)
[2m2026-06-12T18:02:42.731622Z[0m [32m INFO[0m [2mchumby_host[0m[2m:[0m ASnative(5,25) _bent() -> Number(0.0)
[2m2026-06-12T18:02:42.814809Z[0m [32m INFO[0m [2mchumby_host[0m[2m:[0m ASnative(5,25) _bent() -> Number(0.0)
[2m2026-06-12T18:02:42.899008Z[0m [32m INFO[0m [2mchumby_host[0m[2m:[0m ASnative(5,25) _bent() -> Number(0.0)
[2m2026-06-12T18:02:42.981489Z[0m [32m INFO[0m [2mchumby_host[0m[2m:[0m ASnative(5,25) _bent() -> Number(0.0)
[2m2026-06-12T18:02:43.064543Z[0m [32m INFO[0m [2mchumby_host[0m[2m:[0m ASnative(5,25) _bent() -> Number(0.0)
[2m2026-06-12T18:02:43.149713Z[0m [32m INFO[0m [2mchumby_host[0m[2m:[0m ASnative(5,25) _bent() -> Number(0.0)
[2m2026-06-12T18:02:43.231311Z[0m [32m INFO[0m [2mchumby_host[0m[2m:[0m ASnative(5,25) _bent() -> Number(0.0)
[2m2026-06-12T18:02:43.314939Z[0m [32m INFO[0m [2mchumby_host[0m[2m:[0m ASnative(5,25) _bent() -> Number(0.0)
[2m2026-06-12T18:02:43.398611Z[0m [32m INFO[0m [2mchumby_host[0m[2m:[0m ASnative(5,25) _bent() -> Number(0.0)
[2m2026-06-12T18:02:43.481206Z[0m [32m INFO[0m [2mchumby_host[0m[2m:[0m ASnative(5,25) _bent() -> Number(0.0)
[2m2026-06-12T18:02:43.564617Z[0m [32m INFO[0m [2mchumby_host[0m[2m:[0m ASnative(5,25) _bent() -> Number(0.0)
[2m2026-06-12T18:02:43.647998Z[0m [32m INFO[0m [2mchumby_host[0m[2m:[0m ASnative(5,25) _bent() -> Number(0.0)
[2m2026-06-12T18:02:43.732695Z[0m [32m INFO[0m [2mchumby_host[0m[2m:[0m ASnative(5,25) _bent() -> Number(0.0)
[2m2026-06-12T18:02:43.814748Z[0m [32m INFO[0m [2mchumby_host[0m[2m:[0m ASnative(5,25) _bent() -> Number(0.0)
[2m2026-06-12T18:02:43.898211Z[0m [32m INFO[0m [2mchumby_host[0m[2m:[0m ASnative(5,25) _bent() -> Number(0.0)
[2m2026-06-12T18:02:43.981460Z[0m [32m INFO[0m [2mchumby_host[0m[2m:[0m ASnative(5,25) _bent() -> Number(0.0)
[2m2026-06-12T18:02:44.064624Z[0m [32m INFO[0m [2mchumby_host[0m[2m:[0m ASnative(5,25) _bent() -> Number(0.0)
[2m2026-06-12T18:02:44.147836Z[0m [32m INFO[0m [2mchumby_host[0m[2m:[0m ASnative(5,25) _bent() -> Number(0.0)
[2m2026-06-12T18:02:44.231856Z[0m [32m INFO[0m [2mchumby_host[0m[2m:[0m ASnative(5,25) _bent() -> Number(0.0)
[2m2026-06-12T18:02:44.315703Z[0m [32m INFO[0m [2mchumby_host[0m[2m:[0m ASnative(5,25) _bent() -> Number(0.0)
[2m2026-06-12T18:02:44.397715Z[0m [32m INFO[0m [2mchumby_host[0m[2m:[0m ASnative(5,25) _bent() -> Number(0.0)
[2m2026-06-12T18:02:44.482506Z[0m [32m INFO[0m [2mchumby_host[0m[2m:[0m ASnative(5,25) _bent() -> Number(0.0)
[2m2026-06-12T18:02:44.564822Z[0m [32m INFO[0m [2mchumby_host[0m[2m:[0m ASnative(5,25) _bent() -> Number(0.0)
[2m2026-06-12T18:02:44.647812Z[0m [32m INFO[0m [2mchumby_host[0m[2m:[0m ASnative(5,25) _bent() -> Number(0.0)
[2m2026-06-12T18:02:44.731395Z[0m [32m INFO[0m [2mchumby_host[0m[2m:[0m ASnative(5,25) _bent() -> Number(0.0)
[2m2026-06-12T18:02:44.814553Z[0m [32m INFO[0m [2mchumby_host[0m[2m:[0m ASnative(5,25) _bent() -> Number(0.0)
[2m2026-06-12T18:02:44.898124Z[0m [32m INFO[0m [2mchumby_host[0m[2m:[0m ASnative(5,25) _bent() -> Number(0.0)
[2m2026-06-12T18:02:44.981572Z[0m [32m INFO[0m [2mchumby_host[0m[2m:[0m ASnative(5,25) _bent() -> Number(0.0)
[2m2026-06-12T18:02:45.064730Z[0m [32m INFO[0m [2mchumby_host[0m[2m:[0m ASnative(5,25) _bent() -> Number(0.0)
[2m2026-06-12T18:02:45.148122Z[0m [32m INFO[0m [2mchumby_host[0m[2m:[0m ASnative(5,25) _bent() -> Number(0.0)
[2m2026-06-12T18:02:45.231298Z[0m [32m INFO[0m [2mchumby_host[0m[2m:[0m ASnative(5,25) _bent() -> Number(0.0)
[2m2026-06-12T18:02:45.314606Z[0m [32m INFO[0m [2mchumby_host[0m[2m:[0m ASnative(5,25) _bent() -> Number(0.0)
[2m2026-06-12T18:02:45.397839Z[0m [32m INFO[0m [2mchumby_host[0m[2m:[0m ASnative(5,25) _bent() -> Number(0.0)
[2m2026-06-12T18:02:45.481242Z[0m [32m INFO[0m [2mchumby_host[0m[2m:[0m ASnative(5,25) _bent() -> Number(0.0)
[2m2026-06-12T18:02:45.569410Z[0m [32m INFO[0m [2mchumby_host[0m[2m:[0m ASnative(5,25) _bent() -> Number(0.0)
[2m2026-06-12T18:02:45.653782Z[0m [32m INFO[0m [2mchumby_host[0m[2m:[0m ASnative(5,25) _bent() -> Number(0.0)
[2m2026-06-12T18:02:45.742454Z[0m [32m INFO[0m [2mchumby_host[0m[2m:[0m ASnative(5,25) _bent() -> Number(0.0)
[2m2026-06-12T18:02:45.817986Z[0m [32m INFO[0m [2mchumby_host[0m[2m:[0m ASnative(5,25) _bent() -> Number(0.0)
[2m2026-06-12T18:02:45.904596Z[0m [32m INFO[0m [2mchumby_host[0m[2m:[0m ASnative(5,25) _bent() -> Number(0.0)
[2m2026-06-12T18:02:45.981157Z[0m [32m INFO[0m [2mchumby_host[0m[2m:[0m ASnative(5,25) _bent() -> Number(0.0)
[2m2026-06-12T18:02:46.064417Z[0m [32m INFO[0m [2mchumby_host[0m[2m:[0m ASnative(5,25) _bent() -> Number(0.0)
[2m2026-06-12T18:02:46.154795Z[0m [32m INFO[0m [2mchumby_host[0m[2m:[0m ASnative(5,25) _bent() -> Number(0.0)
[2m2026-06-12T18:02:46.239940Z[0m [32m INFO[0m [2mchumby_host[0m[2m:[0m ASnative(5,25) _bent() -> Number(0.0)
[2m2026-06-12T18:02:46.315177Z[0m [32m INFO[0m [2mchumby_host[0m[2m:[0m ASnative(5,25) _bent() -> Number(0.0)
[2m2026-06-12T18:02:46.398839Z[0m [32m INFO[0m [2mchumby_host[0m[2m:[0m ASnative(5,25) _bent() -> Number(0.0)
[2m2026-06-12T18:02:46.482428Z[0m [32m INFO[0m [2mchumby_host[0m[2m:[0m ASnative(5,25) _bent() -> Number(0.0)
[2m2026-06-12T18:02:46.570689Z[0m [32m INFO[0m [2mchumby_host[0m[2m:[0m ASnative(5,25) _bent() -> Number(0.0)
[2m2026-06-12T18:02:46.649040Z[0m [32m INFO[0m [2mchumby_host[0m[2m:[0m ASnative(5,25) _bent() -> Number(0.0)
[2m2026-06-12T18:02:46.731037Z[0m [32m INFO[0m [2mchumby_host[0m[2m:[0m ASnative(5,25) _bent() -> Number(0.0)
[2m2026-06-12T18:02:46.823011Z[0m [32m INFO[0m [2mchumby_host[0m[2m:[0m ASnative(5,25) _bent() -> Number(0.0)
[2m2026-06-12T18:02:46.901390Z[0m [32m INFO[0m [2mchumby_host[0m[2m:[0m ASnative(5,25) _bent() -> Number(0.0)
[2m2026-06-12T18:02:46.987729Z[0m [32m INFO[0m [2mchumby_host[0m[2m:[0m ASnative(5,25) _bent() -> Number(0.0)
[2m2026-06-12T18:02:47.064366Z[0m [32m INFO[0m [2mchumby_host[0m[2m:[0m ASnative(5,25) _bent() -> Number(0.0)
[2m2026-06-12T18:02:47.155591Z[0m [32m INFO[0m [2mchumby_host[0m[2m:[0m ASnative(5,25) _bent() -> Number(0.0)
[2m2026-06-12T18:02:47.232257Z[0m [32m INFO[0m [2mchumby_host[0m[2m:[0m ASnative(5,25) _bent() -> Number(0.0)
[2m2026-06-12T18:02:47.314364Z[0m [32m INFO[0m [2mchumby_host[0m[2m:[0m ASnative(5,25) _bent() -> Number(0.0)
[2m2026-06-12T18:02:47.398992Z[0m [32m INFO[0m [2mchumby_host[0m[2m:[0m ASnative(5,25) _bent() -> Number(0.0)
[2m2026-06-12T18:02:47.482646Z[0m [32m INFO[0m [2mchumby_host[0m[2m:[0m ASnative(5,25) _bent() -> Number(0.0)
[2m2026-06-12T18:02:47.571704Z[0m [32m INFO[0m [2mchumby_host[0m[2m:[0m ASnative(5,25) _bent() -> Number(0.0)
[2m2026-06-12T18:02:47.653609Z[0m [32m INFO[0m [2mchumby_host[0m[2m:[0m ASnative(5,25) _bent() -> Number(0.0)
[2m2026-06-12T18:02:47.731144Z[0m [32m INFO[0m [2mchumby_host[0m[2m:[0m ASnative(5,25) _bent() -> Number(0.0)
[2m2026-06-12T18:02:47.814597Z[0m [32m INFO[0m [2mchumby_host[0m[2m:[0m ASnative(5,25) _bent() -> Number(0.0)
[2m2026-06-12T18:02:47.897584Z[0m [32m INFO[0m [2mchumby_host[0m[2m:[0m ASnative(5,25) _bent() -> Number(0.0)
[2m2026-06-12T18:02:47.982310Z[0m [32m INFO[0m [2mchumby_host[0m[2m:[0m ASnative(5,25) _bent() -> Number(0.0)
[2m2026-06-12T18:02:48.065504Z[0m [32m INFO[0m [2mchumby_host[0m[2m:[0m ASnative(5,25) _bent() -> Number(0.0)
[2m2026-06-12T18:02:48.149096Z[0m [32m INFO[0m [2mchumby_host[0m[2m:[0m ASnative(5,25) _bent() -> Number(0.0)
[2m2026-06-12T18:02:48.232940Z[0m [32m INFO[0m [2mchumby_host[0m[2m:[0m ASnative(5,25) _bent() -> Number(0.0)
[2m2026-06-12T18:02:48.315745Z[0m [32m INFO[0m [2mchumby_host[0m[2m:[0m ASnative(5,25) _bent() -> Number(0.0)
[2m2026-06-12T18:02:48.398988Z[0m [32m INFO[0m [2mchumby_host[0m[2m:[0m ASnative(5,25) _bent() -> Number(0.0)
[2m2026-06-12T18:02:48.481343Z[0m [32m INFO[0m [2mchumby_host[0m[2m:[0m ASnative(5,25) _bent() -> Number(0.0)
[2m2026-06-12T18:02:48.565832Z[0m [32m INFO[0m [2mchumby_host[0m[2m:[0m ASnative(5,25) _bent() -> Number(0.0)
[2m2026-06-12T18:02:48.647967Z[0m [32m INFO[0m [2mchumby_host[0m[2m:[0m ASnative(5,25) _bent() -> Number(0.0)
[2m2026-06-12T18:02:48.732223Z[0m [32m INFO[0m [2mchumby_host[0m[2m:[0m ASnative(5,25) _bent() -> Number(0.0)
[2m2026-06-12T18:02:48.815681Z[0m [32m INFO[0m [2mchumby_host[0m[2m:[0m ASnative(5,25) _bent() -> Number(0.0)
[2m2026-06-12T18:02:48.899771Z[0m [32m INFO[0m [2mchumby_host[0m[2m:[0m ASnative(5,25) _bent() -> Number(0.0)
[2m2026-06-12T18:02:48.982375Z[0m [32m INFO[0m [2mchumby_host[0m[2m:[0m ASnative(5,25) _bent() -> Number(0.0)
[2m2026-06-12T18:02:49.064624Z[0m [32m INFO[0m [2mchumby_host[0m[2m:[0m ASnative(5,25) _bent() -> Number(0.0)
[2m2026-06-12T18:02:49.149018Z[0m [32m INFO[0m [2mchumby_host[0m[2m:[0m ASnative(5,25) _bent() -> Number(0.0)
[2m2026-06-12T18:02:49.231100Z[0m [32m INFO[0m [2mchumby_host[0m[2m:[0m ASnative(5,25) _bent() -> Number(0.0)
[2m2026-06-12T18:02:49.314515Z[0m [32m INFO[0m [2mchumby_host[0m[2m:[0m ASnative(5,25) _bent() -> Number(0.0)
[2m2026-06-12T18:02:49.398751Z[0m [32m INFO[0m [2mchumby_host[0m[2m:[0m ASnative(5,25) _bent() -> Number(0.0)
[2m2026-06-12T18:02:49.481305Z[0m [32m INFO[0m [2mchumby_host[0m[2m:[0m ASnative(5,25) _bent() -> Number(0.0)
[2m2026-06-12T18:02:49.565874Z[0m [32m INFO[0m [2mchumby_host[0m[2m:[0m ASnative(5,25) _bent() -> Number(0.0)
[2m2026-06-12T18:02:49.648508Z[0m [32m INFO[0m [2mchumby_host[0m[2m:[0m ASnative(5,25) _bent() -> Number(0.0)
[2m2026-06-12T18:02:49.731397Z[0m [32m INFO[0m [2mchumby_host[0m[2m:[0m ASnative(5,25) _bent() -> Number(0.0)
[2m2026-06-12T18:02:49.815771Z[0m [32m INFO[0m [2mchumby_host[0m[2m:[0m ASnative(5,25) _bent() -> Number(0.0)
[2m2026-06-12T18:02:49.899199Z[0m [32m INFO[0m [2mchumby_host[0m[2m:[0m ASnative(5,25) _bent() -> Number(0.0)
[2m2026-06-12T18:02:49.982407Z[0m [32m INFO[0m [2mchumby_host[0m[2m:[0m ASnative(5,25) _bent() -> Number(0.0)
[2m2026-06-12T18:02:50.064499Z[0m [32m INFO[0m [2mchumby_host[0m[2m:[0m ASnative(5,25) _bent() -> Number(0.0)
[2m2026-06-12T18:02:50.148959Z[0m [32m INFO[0m [2mchumby_host[0m[2m:[0m ASnative(5,25) _bent() -> Number(0.0)
[2m2026-06-12T18:02:50.231153Z[0m [32m INFO[0m [2mchumby_host[0m[2m:[0m ASnative(5,25) _bent() -> Number(0.0)
[2m2026-06-12T18:02:50.314587Z[0m [32m INFO[0m [2mchumby_host[0m[2m:[0m ASnative(5,25) _bent() -> Number(0.0)
[2m2026-06-12T18:02:50.397960Z[0m [32m INFO[0m [2mchumby_host[0m[2m:[0m ASnative(5,25) _bent() -> Number(0.0)
[2m2026-06-12T18:02:50.481295Z[0m [32m INFO[0m [2mchumby_host[0m[2m:[0m ASnative(5,25) _bent() -> Number(0.0)
[2m2026-06-12T18:02:50.564854Z[0m [32m INFO[0m [2mchumby_host[0m[2m:[0m ASnative(5,25) _bent() -> Number(0.0)
[2m2026-06-12T18:02:50.647777Z[0m [32m INFO[0m [2mchumby_host[0m[2m:[0m ASnative(5,25) _bent() -> Number(0.0)
[2m2026-06-12T18:02:50.731524Z[0m [32m INFO[0m [2mchumby_host[0m[2m:[0m ASnative(5,25) _bent() -> Number(0.0)
[2m2026-06-12T18:02:50.814780Z[0m [32m INFO[0m [2mchumby_host[0m[2m:[0m ASnative(5,25) _bent() -> Number(0.0)
[2m2026-06-12T18:02:50.897943Z[0m [32m INFO[0m [2mchumby_host[0m[2m:[0m ASnative(5,25) _bent() -> Number(0.0)
[2m2026-06-12T18:02:50.981304Z[0m [32m INFO[0m [2mchumby_host[0m[2m:[0m ASnative(5,25) _bent() -> Number(0.0)
[2m2026-06-12T18:02:51.064640Z[0m [32m INFO[0m [2mchumby_host[0m[2m:[0m ASnative(5,25) _bent() -> Number(0.0)
[2m2026-06-12T18:02:51.147971Z[0m [32m INFO[0m [2mchumby_host[0m[2m:[0m ASnative(5,25) _bent() -> Number(0.0)
[2m2026-06-12T18:02:51.231258Z[0m [32m INFO[0m [2mchumby_host[0m[2m:[0m ASnative(5,25) _bent() -> Number(0.0)
[2m2026-06-12T18:02:51.314811Z[0m [32m INFO[0m [2mchumby_host[0m[2m:[0m ASnative(5,25) _bent() -> Number(0.0)
[2m2026-06-12T18:02:51.398949Z[0m [32m INFO[0m [2mchumby_host[0m[2m:[0m ASnative(5,25) _bent() -> Number(0.0)
[2m2026-06-12T18:02:51.481501Z[0m [32m INFO[0m [2mchumby_host[0m[2m:[0m ASnative(5,25) _bent() -> Number(0.0)
[2m2026-06-12T18:02:51.565389Z[0m [32m INFO[0m [2mchumby_host[0m[2m:[0m ASnative(5,25) _bent() -> Number(0.0)
[2m2026-06-12T18:02:51.647824Z[0m [32m INFO[0m [2mchumby_host[0m[2m:[0m ASnative(5,25) _bent() -> Number(0.0)
[2m2026-06-12T18:02:51.731513Z[0m [32m INFO[0m [2mchumby_host[0m[2m:[0m ASnative(5,25) _bent() -> Number(0.0)
[2m2026-06-12T18:02:51.815378Z[0m [32m INFO[0m [2mchumby_host[0m[2m:[0m ASnative(5,25) _bent() -> Number(0.0)
